{"C:\\Users\\joeza\\OneDrive\\Documents\\OOSE\\project-team-01\\tamagui.config.ts": {"path":"C:\\Users\\joeza\\OneDrive\\Documents\\OOSE\\project-team-01\\tamagui.config.ts","statementMap":{"0":{"start":{"line":4,"column":18},"end":{"line":4,"column":39}}},"fnMap":{},"branchMap":{},"s":{"0":1},"f":{},"b":{},"_coverageSchema":"1a1c01bbd47fc00a2c39e90264f33305004495a9","hash":"7898535f18519b42e57843f50c4b092f3f7fbc4d"}
,"C:\\Users\\joeza\\OneDrive\\Documents\\OOSE\\project-team-01\\src\\components\\Feed.tsx": {"path":"C:\\Users\\joeza\\OneDrive\\Documents\\OOSE\\project-team-01\\src\\components\\Feed.tsx","statementMap":{"0":{"start":{"line":9,"column":13},"end":{"line":211,"column":1}},"1":{"start":{"line":10,"column":29},"end":{"line":10,"column":44}},"2":{"start":{"line":18,"column":6},"end":{"line":24,"column":4}},"3":{"start":{"line":18,"column":26},"end":{"line":24,"column":3}},"4":{"start":{"line":26,"column":38},"end":{"line":26,"column":53}},"5":{"start":{"line":27,"column":40},"end":{"line":27,"column":54}},"6":{"start":{"line":28,"column":30},"end":{"line":28,"column":53}},"7":{"start":{"line":30,"column":42},"end":{"line":30,"column":70}},"8":{"start":{"line":31,"column":52},"end":{"line":33,"column":3}},"9":{"start":{"line":34,"column":60},"end":{"line":34,"column":75}},"10":{"start":{"line":36,"column":4},"end":{"line":36,"column":19}},"11":{"start":{"line":40,"column":2},"end":{"line":48,"column":9}},"12":{"start":{"line":41,"column":24},"end":{"line":46,"column":5}},"13":{"start":{"line":42,"column":6},"end":{"line":42,"column":26}},"14":{"start":{"line":43,"column":6},"end":{"line":43,"column":39}},"15":{"start":{"line":44,"column":6},"end":{"line":44,"column":44}},"16":{"start":{"line":45,"column":6},"end":{"line":45,"column":27}},"17":{"start":{"line":47,"column":4},"end":{"line":47,"column":18}},"18":{"start":{"line":51,"column":35},"end":{"line":61,"column":3}},"19":{"start":{"line":52,"column":4},"end":{"line":52,"column":36}},"20":{"start":{"line":53,"column":4},"end":{"line":53,"column":23}},"21":{"start":{"line":54,"column":18},"end":{"line":54,"column":48}},"22":{"start":{"line":55,"column":4},"end":{"line":60,"column":5}},"23":{"start":{"line":56,"column":6},"end":{"line":56,"column":36}},"24":{"start":{"line":57,"column":6},"end":{"line":57,"column":27}},"25":{"start":{"line":59,"column":6},"end":{"line":59,"column":28}},"26":{"start":{"line":64,"column":40},"end":{"line":74,"column":3}},"27":{"start":{"line":65,"column":4},"end":{"line":65,"column":41}},"28":{"start":{"line":66,"column":4},"end":{"line":66,"column":28}},"29":{"start":{"line":67,"column":18},"end":{"line":67,"column":47}},"30":{"start":{"line":68,"column":4},"end":{"line":73,"column":5}},"31":{"start":{"line":69,"column":6},"end":{"line":69,"column":41}},"32":{"start":{"line":70,"column":6},"end":{"line":70,"column":27}},"33":{"start":{"line":72,"column":6},"end":{"line":72,"column":28}},"34":{"start":{"line":77,"column":24},"end":{"line":85,"column":3}},"35":{"start":{"line":78,"column":4},"end":{"line":78,"column":24}},"36":{"start":{"line":79,"column":4},"end":{"line":83,"column":5}},"37":{"start":{"line":80,"column":6},"end":{"line":80,"column":39}},"38":{"start":{"line":81,"column":11},"end":{"line":83,"column":5}},"39":{"start":{"line":82,"column":6},"end":{"line":82,"column":44}},"40":{"start":{"line":84,"column":4},"end":{"line":84,"column":25}},"41":{"start":{"line":88,"column":25},"end":{"line":113,"column":3}},"42":{"start":{"line":90,"column":4},"end":{"line":112,"column":5}},"43":{"start":{"line":91,"column":6},"end":{"line":100,"column":7}},"44":{"start":{"line":92,"column":8},"end":{"line":92,"column":28}},"45":{"start":{"line":93,"column":8},"end":{"line":93,"column":58}},"46":{"start":{"line":94,"column":8},"end":{"line":94,"column":29}},"47":{"start":{"line":96,"column":8},"end":{"line":96,"column":53}},"48":{"start":{"line":97,"column":8},"end":{"line":99,"column":9}},"49":{"start":{"line":98,"column":10},"end":{"line":98,"column":41}},"50":{"start":{"line":101,"column":11},"end":{"line":112,"column":5}},"51":{"start":{"line":102,"column":6},"end":{"line":111,"column":7}},"52":{"start":{"line":103,"column":8},"end":{"line":103,"column":28}},"53":{"start":{"line":104,"column":8},"end":{"line":104,"column":62}},"54":{"start":{"line":105,"column":8},"end":{"line":105,"column":29}},"55":{"start":{"line":107,"column":8},"end":{"line":107,"column":63}},"56":{"start":{"line":108,"column":8},"end":{"line":110,"column":9}},"57":{"start":{"line":109,"column":10},"end":{"line":109,"column":46}},"58":{"start":{"line":115,"column":2},"end":{"line":210,"column":4}},"59":{"start":{"line":132,"column":20},"end":{"line":132,"column":45}},"60":{"start":{"line":142,"column":20},"end":{"line":142,"column":50}},"61":{"start":{"line":153,"column":16},"end":{"line":158,"column":18}},"62":{"start":{"line":160,"column":38},"end":{"line":160,"column":56}},"63":{"start":{"line":161,"column":36},"end":{"line":161,"column":53}},"64":{"start":{"line":174,"column":16},"end":{"line":176,"column":17}}},"fnMap":{"0":{"name":"(anonymous_0)","decl":{"start":{"line":9,"column":13},"end":{"line":9,"column":14}},"loc":{"start":{"line":9,"column":54},"end":{"line":211,"column":1}},"line":9},"1":{"name":"(anonymous_1)","decl":{"start":{"line":18,"column":15},"end":{"line":18,"column":16}},"loc":{"start":{"line":18,"column":26},"end":{"line":24,"column":3}},"line":18},"2":{"name":"(anonymous_2)","decl":{"start":{"line":40,"column":12},"end":{"line":40,"column":13}},"loc":{"start":{"line":40,"column":18},"end":{"line":48,"column":3}},"line":40},"3":{"name":"(anonymous_3)","decl":{"start":{"line":41,"column":24},"end":{"line":41,"column":25}},"loc":{"start":{"line":41,"column":36},"end":{"line":46,"column":5}},"line":41},"4":{"name":"(anonymous_4)","decl":{"start":{"line":51,"column":35},"end":{"line":51,"column":36}},"loc":{"start":{"line":51,"column":47},"end":{"line":61,"column":3}},"line":51},"5":{"name":"(anonymous_5)","decl":{"start":{"line":64,"column":40},"end":{"line":64,"column":41}},"loc":{"start":{"line":64,"column":52},"end":{"line":74,"column":3}},"line":64},"6":{"name":"(anonymous_6)","decl":{"start":{"line":77,"column":24},"end":{"line":77,"column":25}},"loc":{"start":{"line":77,"column":36},"end":{"line":85,"column":3}},"line":77},"7":{"name":"(anonymous_7)","decl":{"start":{"line":88,"column":25},"end":{"line":88,"column":26}},"loc":{"start":{"line":88,"column":37},"end":{"line":113,"column":3}},"line":88},"8":{"name":"(anonymous_8)","decl":{"start":{"line":131,"column":33},"end":{"line":131,"column":34}},"loc":{"start":{"line":131,"column":39},"end":{"line":133,"column":19}},"line":131},"9":{"name":"(anonymous_9)","decl":{"start":{"line":141,"column":33},"end":{"line":141,"column":34}},"loc":{"start":{"line":141,"column":39},"end":{"line":143,"column":19}},"line":141},"10":{"name":"(anonymous_10)","decl":{"start":{"line":152,"column":26},"end":{"line":152,"column":27}},"loc":{"start":{"line":153,"column":16},"end":{"line":158,"column":18}},"line":153},"11":{"name":"(anonymous_11)","decl":{"start":{"line":160,"column":28},"end":{"line":160,"column":29}},"loc":{"start":{"line":160,"column":38},"end":{"line":160,"column":56}},"line":160},"12":{"name":"(anonymous_12)","decl":{"start":{"line":161,"column":28},"end":{"line":161,"column":29}},"loc":{"start":{"line":161,"column":34},"end":{"line":161,"column":55}},"line":161},"13":{"name":"(anonymous_13)","decl":{"start":{"line":173,"column":35},"end":{"line":173,"column":36}},"loc":{"start":{"line":174,"column":16},"end":{"line":176,"column":17}},"line":174}},"branchMap":{"0":{"loc":{"start":{"line":55,"column":4},"end":{"line":60,"column":5}},"type":"if","locations":[{"start":{"line":55,"column":4},"end":{"line":60,"column":5}},{"start":{"line":58,"column":11},"end":{"line":60,"column":5}}],"line":55},"1":{"loc":{"start":{"line":68,"column":4},"end":{"line":73,"column":5}},"type":"if","locations":[{"start":{"line":68,"column":4},"end":{"line":73,"column":5}},{"start":{"line":71,"column":11},"end":{"line":73,"column":5}}],"line":68},"2":{"loc":{"start":{"line":79,"column":4},"end":{"line":83,"column":5}},"type":"if","locations":[{"start":{"line":79,"column":4},"end":{"line":83,"column":5}},{"start":{"line":81,"column":11},"end":{"line":83,"column":5}}],"line":79},"3":{"loc":{"start":{"line":81,"column":11},"end":{"line":83,"column":5}},"type":"if","locations":[{"start":{"line":81,"column":11},"end":{"line":83,"column":5}},{"start":{},"end":{}}],"line":81},"4":{"loc":{"start":{"line":90,"column":4},"end":{"line":112,"column":5}},"type":"if","locations":[{"start":{"line":90,"column":4},"end":{"line":112,"column":5}},{"start":{"line":101,"column":11},"end":{"line":112,"column":5}}],"line":90},"5":{"loc":{"start":{"line":91,"column":6},"end":{"line":100,"column":7}},"type":"if","locations":[{"start":{"line":91,"column":6},"end":{"line":100,"column":7}},{"start":{},"end":{}}],"line":91},"6":{"loc":{"start":{"line":91,"column":10},"end":{"line":91,"column":47}},"type":"binary-expr","locations":[{"start":{"line":91,"column":10},"end":{"line":91,"column":21}},{"start":{"line":91,"column":25},"end":{"line":91,"column":47}}],"line":91},"7":{"loc":{"start":{"line":97,"column":8},"end":{"line":99,"column":9}},"type":"if","locations":[{"start":{"line":97,"column":8},"end":{"line":99,"column":9}},{"start":{},"end":{}}],"line":97},"8":{"loc":{"start":{"line":97,"column":12},"end":{"line":97,"column":40}},"type":"binary-expr","locations":[{"start":{"line":97,"column":12},"end":{"line":97,"column":18}},{"start":{"line":97,"column":22},"end":{"line":97,"column":40}}],"line":97},"9":{"loc":{"start":{"line":101,"column":11},"end":{"line":112,"column":5}},"type":"if","locations":[{"start":{"line":101,"column":11},"end":{"line":112,"column":5}},{"start":{},"end":{}}],"line":101},"10":{"loc":{"start":{"line":102,"column":6},"end":{"line":111,"column":7}},"type":"if","locations":[{"start":{"line":102,"column":6},"end":{"line":111,"column":7}},{"start":{},"end":{}}],"line":102},"11":{"loc":{"start":{"line":102,"column":10},"end":{"line":102,"column":52}},"type":"binary-expr","locations":[{"start":{"line":102,"column":10},"end":{"line":102,"column":21}},{"start":{"line":102,"column":25},"end":{"line":102,"column":52}}],"line":102},"12":{"loc":{"start":{"line":108,"column":8},"end":{"line":110,"column":9}},"type":"if","locations":[{"start":{"line":108,"column":8},"end":{"line":110,"column":9}},{"start":{},"end":{}}],"line":108},"13":{"loc":{"start":{"line":108,"column":12},"end":{"line":108,"column":40}},"type":"binary-expr","locations":[{"start":{"line":108,"column":12},"end":{"line":108,"column":18}},{"start":{"line":108,"column":22},"end":{"line":108,"column":40}}],"line":108},"14":{"loc":{"start":{"line":117,"column":7},"end":{"line":208,"column":7}},"type":"cond-expr","locations":[{"start":{"line":118,"column":8},"end":{"line":203,"column":9}},{"start":{"line":205,"column":8},"end":{"line":207,"column":15}}],"line":117},"15":{"loc":{"start":{"line":117,"column":7},"end":{"line":117,"column":30}},"type":"binary-expr","locations":[{"start":{"line":117,"column":7},"end":{"line":117,"column":14}},{"start":{"line":117,"column":18},"end":{"line":117,"column":30}}],"line":117},"16":{"loc":{"start":{"line":118,"column":8},"end":{"line":203,"column":9}},"type":"cond-expr","locations":[{"start":{"line":119,"column":10},"end":{"line":198,"column":17}},{"start":{"line":200,"column":10},"end":{"line":202,"column":17}}],"line":118},"17":{"loc":{"start":{"line":149,"column":13},"end":{"line":197,"column":13}},"type":"cond-expr","locations":[{"start":{"line":150,"column":12},"end":{"line":179,"column":14}},{"start":{"line":181,"column":14},"end":{"line":196,"column":15}}],"line":149},"18":{"loc":{"start":{"line":149,"column":13},"end":{"line":149,"column":131}},"type":"binary-expr","locations":[{"start":{"line":149,"column":14},"end":{"line":149,"column":38}},{"start":{"line":149,"column":42},"end":{"line":149,"column":64}},{"start":{"line":149,"column":70},"end":{"line":149,"column":99}},{"start":{"line":149,"column":103},"end":{"line":149,"column":130}}],"line":149},"19":{"loc":{"start":{"line":151,"column":20},"end":{"line":151,"column":77}},"type":"cond-expr","locations":[{"start":{"line":151,"column":47},"end":{"line":151,"column":58}},{"start":{"line":151,"column":61},"end":{"line":151,"column":77}}],"line":151},"20":{"loc":{"start":{"line":174,"column":16},"end":{"line":176,"column":17}},"type":"binary-expr","locations":[{"start":{"line":174,"column":16},"end":{"line":174,"column":26}},{"start":{"line":175,"column":18},"end":{"line":175,"column":75}}],"line":174},"21":{"loc":{"start":{"line":181,"column":14},"end":{"line":196,"column":15}},"type":"cond-expr","locations":[{"start":{"line":182,"column":16},"end":{"line":190,"column":17}},{"start":{"line":192,"column":16},"end":{"line":195,"column":23}}],"line":181},"22":{"loc":{"start":{"line":182,"column":16},"end":{"line":190,"column":17}},"type":"cond-expr","locations":[{"start":{"line":183,"column":18},"end":{"line":185,"column":25}},{"start":{"line":187,"column":18},"end":{"line":189,"column":25}}],"line":182}},"s":{"0":1,"1":22,"2":22,"3":32,"4":22,"5":22,"6":22,"7":22,"8":22,"9":22,"10":22,"11":22,"12":2,"13":2,"14":2,"15":2,"16":2,"17":2,"18":22,"19":2,"20":2,"21":2,"22":2,"23":0,"24":0,"25":2,"26":22,"27":2,"28":2,"29":2,"30":2,"31":0,"32":0,"33":2,"34":22,"35":0,"36":0,"37":0,"38":0,"39":0,"40":0,"41":22,"42":0,"43":0,"44":0,"45":0,"46":0,"47":0,"48":0,"49":0,"50":0,"51":0,"52":0,"53":0,"54":0,"55":0,"56":0,"57":0,"58":22,"59":0,"60":0,"61":0,"62":0,"63":0,"64":0},"f":{"0":22,"1":32,"2":2,"3":2,"4":2,"5":2,"6":0,"7":0,"8":0,"9":0,"10":0,"11":0,"12":0,"13":0},"b":{"0":[0,2],"1":[0,2],"2":[0,0],"3":[0,0],"4":[0,0],"5":[0,0],"6":[0,0],"7":[0,0],"8":[0,0],"9":[0,0],"10":[0,0],"11":[0,0],"12":[0,0],"13":[0,0],"14":[0,22],"15":[22,0],"16":[0,0],"17":[0,0],"18":[0,0,0,0],"19":[0,0],"20":[0,0],"21":[0,0],"22":[0,0]},"_coverageSchema":"1a1c01bbd47fc00a2c39e90264f33305004495a9","hash":"06881475e724438740d97c09db8fc1ea6a850226"}
,"C:\\Users\\joeza\\OneDrive\\Documents\\OOSE\\project-team-01\\src\\components\\FeedFilter.tsx": {"path":"C:\\Users\\joeza\\OneDrive\\Documents\\OOSE\\project-team-01\\src\\components\\FeedFilter.tsx","statementMap":{"0":{"start":{"line":19,"column":19},"end":{"line":277,"column":1}},"1":{"start":{"line":28,"column":6},"end":{"line":36,"column":4}},"2":{"start":{"line":28,"column":26},"end":{"line":36,"column":3}},"3":{"start":{"line":38,"column":34},"end":{"line":38,"column":59}},"4":{"start":{"line":39,"column":38},"end":{"line":39,"column":52}},"5":{"start":{"line":40,"column":22},"end":{"line":40,"column":38}},"6":{"start":{"line":41,"column":28},"end":{"line":43,"column":21}},"7":{"start":{"line":45,"column":21},"end":{"line":50,"column":3}},"8":{"start":{"line":46,"column":4},"end":{"line":46,"column":28}},"9":{"start":{"line":47,"column":4},"end":{"line":47,"column":67}},"10":{"start":{"line":48,"column":4},"end":{"line":48,"column":76}},"11":{"start":{"line":49,"column":4},"end":{"line":49,"column":26}},"12":{"start":{"line":52,"column":23},"end":{"line":59,"column":3}},"13":{"start":{"line":54,"column":24},"end":{"line":54,"column":40}},"14":{"start":{"line":55,"column":24},"end":{"line":55,"column":40}},"15":{"start":{"line":56,"column":4},"end":{"line":56,"column":33}},"16":{"start":{"line":57,"column":4},"end":{"line":57,"column":48}},"17":{"start":{"line":58,"column":4},"end":{"line":58,"column":52}},"18":{"start":{"line":61,"column":2},"end":{"line":276,"column":4}},"19":{"start":{"line":104,"column":54},"end":{"line":104,"column":75}},"20":{"start":{"line":119,"column":50},"end":{"line":119,"column":73}},"21":{"start":{"line":160,"column":26},"end":{"line":173,"column":28}},"22":{"start":{"line":161,"column":28},"end":{"line":172,"column":30}}},"fnMap":{"0":{"name":"(anonymous_0)","decl":{"start":{"line":19,"column":19},"end":{"line":19,"column":20}},"loc":{"start":{"line":19,"column":61},"end":{"line":277,"column":1}},"line":19},"1":{"name":"(anonymous_1)","decl":{"start":{"line":28,"column":15},"end":{"line":28,"column":16}},"loc":{"start":{"line":28,"column":26},"end":{"line":36,"column":3}},"line":28},"2":{"name":"(anonymous_2)","decl":{"start":{"line":45,"column":21},"end":{"line":45,"column":22}},"loc":{"start":{"line":45,"column":33},"end":{"line":50,"column":3}},"line":45},"3":{"name":"(anonymous_3)","decl":{"start":{"line":52,"column":23},"end":{"line":52,"column":24}},"loc":{"start":{"line":52,"column":29},"end":{"line":59,"column":3}},"line":52},"4":{"name":"(anonymous_4)","decl":{"start":{"line":104,"column":33},"end":{"line":104,"column":34}},"loc":{"start":{"line":104,"column":54},"end":{"line":104,"column":75}},"line":104},"5":{"name":"(anonymous_5)","decl":{"start":{"line":119,"column":31},"end":{"line":119,"column":32}},"loc":{"start":{"line":119,"column":50},"end":{"line":119,"column":73}},"line":119},"6":{"name":"(anonymous_6)","decl":{"start":{"line":159,"column":24},"end":{"line":159,"column":25}},"loc":{"start":{"line":160,"column":26},"end":{"line":173,"column":28}},"line":160},"7":{"name":"(anonymous_7)","decl":{"start":{"line":160,"column":37},"end":{"line":160,"column":38}},"loc":{"start":{"line":160,"column":51},"end":{"line":173,"column":27}},"line":160}},"branchMap":{"0":{"loc":{"start":{"line":41,"column":28},"end":{"line":43,"column":21}},"type":"cond-expr","locations":[{"start":{"line":42,"column":6},"end":{"line":42,"column":27}},{"start":{"line":43,"column":6},"end":{"line":43,"column":21}}],"line":41},"1":{"loc":{"start":{"line":47,"column":4},"end":{"line":47,"column":66}},"type":"cond-expr","locations":[{"start":{"line":47,"column":22},"end":{"line":47,"column":42}},{"start":{"line":47,"column":45},"end":{"line":47,"column":66}}],"line":47},"2":{"loc":{"start":{"line":48,"column":4},"end":{"line":48,"column":75}},"type":"cond-expr","locations":[{"start":{"line":48,"column":26},"end":{"line":48,"column":46}},{"start":{"line":48,"column":49},"end":{"line":48,"column":75}}],"line":48},"3":{"loc":{"start":{"line":57,"column":13},"end":{"line":57,"column":46}},"type":"cond-expr","locations":[{"start":{"line":57,"column":27},"end":{"line":57,"column":38}},{"start":{"line":57,"column":41},"end":{"line":57,"column":46}}],"line":57},"4":{"loc":{"start":{"line":58,"column":18},"end":{"line":58,"column":50}},"type":"cond-expr","locations":[{"start":{"line":58,"column":32},"end":{"line":58,"column":43}},{"start":{"line":58,"column":46},"end":{"line":58,"column":50}}],"line":58},"5":{"loc":{"start":{"line":65,"column":9},"end":{"line":76,"column":14}},"type":"cond-expr","locations":[{"start":{"line":66,"column":8},"end":{"line":75,"column":10}},{"start":{"line":76,"column":10},"end":{"line":76,"column":14}}],"line":65},"6":{"loc":{"start":{"line":188,"column":32},"end":{"line":188,"column":63}},"type":"cond-expr","locations":[{"start":{"line":188,"column":46},"end":{"line":188,"column":50}},{"start":{"line":188,"column":53},"end":{"line":188,"column":63}}],"line":188}},"s":{"0":1,"1":0,"2":0,"3":0,"4":0,"5":0,"6":0,"7":0,"8":0,"9":0,"10":0,"11":0,"12":0,"13":0,"14":0,"15":0,"16":0,"17":0,"18":0,"19":0,"20":0,"21":0,"22":0},"f":{"0":0,"1":0,"2":0,"3":0,"4":0,"5":0,"6":0,"7":0},"b":{"0":[0,0],"1":[0,0],"2":[0,0],"3":[0,0],"4":[0,0],"5":[0,0],"6":[0,0]},"_coverageSchema":"1a1c01bbd47fc00a2c39e90264f33305004495a9","hash":"55c25388d6cc3d7e07edd66aba71a091a65dc97f"}
,"C:\\Users\\joeza\\OneDrive\\Documents\\OOSE\\project-team-01\\src\\components\\SportSkill.tsx": {"path":"C:\\Users\\joeza\\OneDrive\\Documents\\OOSE\\project-team-01\\src\\components\\SportSkill.tsx","statementMap":{"0":{"start":{"line":5,"column":35},"end":{"line":5,"column":72}},"1":{"start":{"line":7,"column":2},"end":{"line":28,"column":4}}},"fnMap":{"0":{"name":"SportSkill","decl":{"start":{"line":4,"column":24},"end":{"line":4,"column":34}},"loc":{"start":{"line":4,"column":64},"end":{"line":29,"column":1}},"line":4}},"branchMap":{},"s":{"0":0,"1":0},"f":{"0":0},"b":{},"_coverageSchema":"1a1c01bbd47fc00a2c39e90264f33305004495a9","hash":"08e33f8a2da747e728df8921222d8271afb03efc"}
,"C:\\Users\\joeza\\OneDrive\\Documents\\OOSE\\project-team-01\\src\\components\\game\\GameThumbnail.tsx": {"path":"C:\\Users\\joeza\\OneDrive\\Documents\\OOSE\\project-team-01\\src\\components\\game\\GameThumbnail.tsx","statementMap":{"0":{"start":{"line":34,"column":6},"end":{"line":40,"column":4}},"1":{"start":{"line":34,"column":26},"end":{"line":40,"column":3}},"2":{"start":{"line":41,"column":34},"end":{"line":41,"column":63}},"3":{"start":{"line":42,"column":36},"end":{"line":42,"column":65}},"4":{"start":{"line":43,"column":19},"end":{"line":43,"column":42}},"5":{"start":{"line":44,"column":15},"end":{"line":48,"column":4}},"6":{"start":{"line":49,"column":15},"end":{"line":53,"column":4}},"7":{"start":{"line":54,"column":20},"end":{"line":54,"column":35}},"8":{"start":{"line":55,"column":14},"end":{"line":55,"column":18}},"9":{"start":{"line":56,"column":2},"end":{"line":60,"column":3}},"10":{"start":{"line":57,"column":4},"end":{"line":59,"column":5}},"11":{"start":{"line":58,"column":6},"end":{"line":58,"column":26}},"12":{"start":{"line":62,"column":4},"end":{"line":64,"column":24}},"13":{"start":{"line":66,"column":2},"end":{"line":77,"column":9}},"14":{"start":{"line":67,"column":4},"end":{"line":76,"column":5}},"15":{"start":{"line":68,"column":6},"end":{"line":68,"column":47}},"16":{"start":{"line":69,"column":6},"end":{"line":69,"column":40}},"17":{"start":{"line":72,"column":8},"end":{"line":72,"column":71}},"18":{"start":{"line":73,"column":6},"end":{"line":73,"column":56}},"19":{"start":{"line":74,"column":6},"end":{"line":75,"column":57}},"20":{"start":{"line":79,"column":20},"end":{"line":87,"column":3}},"21":{"start":{"line":80,"column":4},"end":{"line":86,"column":5}},"22":{"start":{"line":81,"column":6},"end":{"line":85,"column":7}},"23":{"start":{"line":82,"column":8},"end":{"line":82,"column":40}},"24":{"start":{"line":84,"column":8},"end":{"line":84,"column":52}},"25":{"start":{"line":90,"column":28},"end":{"line":92,"column":21}},"26":{"start":{"line":93,"column":4},"end":{"line":93,"column":27}},"27":{"start":{"line":93,"column":15},"end":{"line":93,"column":27}},"28":{"start":{"line":95,"column":15},"end":{"line":95,"column":31}},"29":{"start":{"line":96,"column":4},"end":{"line":96,"column":27}},"30":{"start":{"line":97,"column":4},"end":{"line":99,"column":6}},"31":{"start":{"line":98,"column":6},"end":{"line":98,"column":40}},"32":{"start":{"line":102,"column":2},"end":{"line":208,"column":4}},"33":{"start":{"line":130,"column":33},"end":{"line":130,"column":40}},"34":{"start":{"line":131,"column":18},"end":{"line":143,"column":19}},"35":{"start":{"line":132,"column":20},"end":{"line":132,"column":54}},"36":{"start":{"line":133,"column":20},"end":{"line":133,"column":66}},"37":{"start":{"line":134,"column":25},"end":{"line":143,"column":19}},"38":{"start":{"line":135,"column":20},"end":{"line":135,"column":58}},"39":{"start":{"line":136,"column":20},"end":{"line":136,"column":74}},"40":{"start":{"line":137,"column":25},"end":{"line":143,"column":19}},"41":{"start":{"line":138,"column":20},"end":{"line":138,"column":62}},"42":{"start":{"line":139,"column":20},"end":{"line":142,"column":23}}},"fnMap":{"0":{"name":"GameThumbnail","decl":{"start":{"line":19,"column":24},"end":{"line":19,"column":37}},"loc":{"start":{"line":27,"column":3},"end":{"line":209,"column":1}},"line":27},"1":{"name":"(anonymous_1)","decl":{"start":{"line":34,"column":15},"end":{"line":34,"column":16}},"loc":{"start":{"line":34,"column":26},"end":{"line":40,"column":3}},"line":34},"2":{"name":"(anonymous_2)","decl":{"start":{"line":66,"column":12},"end":{"line":66,"column":13}},"loc":{"start":{"line":66,"column":18},"end":{"line":77,"column":3}},"line":66},"3":{"name":"(anonymous_3)","decl":{"start":{"line":79,"column":20},"end":{"line":79,"column":21}},"loc":{"start":{"line":79,"column":50},"end":{"line":87,"column":3}},"line":79},"4":{"name":"downloadImage","decl":{"start":{"line":89,"column":17},"end":{"line":89,"column":30}},"loc":{"start":{"line":89,"column":45},"end":{"line":100,"column":3}},"line":89},"5":{"name":"(anonymous_5)","decl":{"start":{"line":97,"column":16},"end":{"line":97,"column":17}},"loc":{"start":{"line":97,"column":22},"end":{"line":99,"column":5}},"line":97},"6":{"name":"(anonymous_6)","decl":{"start":{"line":129,"column":25},"end":{"line":129,"column":26}},"loc":{"start":{"line":129,"column":31},"end":{"line":144,"column":17}},"line":129}},"branchMap":{"0":{"loc":{"start":{"line":57,"column":4},"end":{"line":59,"column":5}},"type":"if","locations":[{"start":{"line":57,"column":4},"end":{"line":59,"column":5}},{"start":{},"end":{}}],"line":57},"1":{"loc":{"start":{"line":62,"column":4},"end":{"line":64,"column":24}},"type":"cond-expr","locations":[{"start":{"line":63,"column":8},"end":{"line":63,"column":50}},{"start":{"line":64,"column":8},"end":{"line":64,"column":24}}],"line":62},"2":{"loc":{"start":{"line":67,"column":4},"end":{"line":76,"column":5}},"type":"if","locations":[{"start":{"line":67,"column":4},"end":{"line":76,"column":5}},{"start":{"line":70,"column":11},"end":{"line":76,"column":5}}],"line":67},"3":{"loc":{"start":{"line":68,"column":18},"end":{"line":68,"column":45}},"type":"cond-expr","locations":[{"start":{"line":68,"column":25},"end":{"line":68,"column":38}},{"start":{"line":68,"column":41},"end":{"line":68,"column":45}}],"line":68},"4":{"loc":{"start":{"line":69,"column":6},"end":{"line":69,"column":39}},"type":"binary-expr","locations":[{"start":{"line":69,"column":6},"end":{"line":69,"column":10}},{"start":{"line":69,"column":14},"end":{"line":69,"column":39}}],"line":69},"5":{"loc":{"start":{"line":72,"column":8},"end":{"line":72,"column":71}},"type":"cond-expr","locations":[{"start":{"line":72,"column":31},"end":{"line":72,"column":47}},{"start":{"line":72,"column":52},"end":{"line":72,"column":70}}],"line":72},"6":{"loc":{"start":{"line":74,"column":6},"end":{"line":75,"column":56}},"type":"binary-expr","locations":[{"start":{"line":74,"column":6},"end":{"line":74,"column":43}},{"start":{"line":75,"column":8},"end":{"line":75,"column":56}}],"line":74},"7":{"loc":{"start":{"line":80,"column":4},"end":{"line":86,"column":5}},"type":"if","locations":[{"start":{"line":80,"column":4},"end":{"line":86,"column":5}},{"start":{},"end":{}}],"line":80},"8":{"loc":{"start":{"line":93,"column":4},"end":{"line":93,"column":27}},"type":"if","locations":[{"start":{"line":93,"column":4},"end":{"line":93,"column":27}},{"start":{},"end":{}}],"line":93},"9":{"loc":{"start":{"line":113,"column":15},"end":{"line":124,"column":15}},"type":"binary-expr","locations":[{"start":{"line":113,"column":16},"end":{"line":113,"column":35}},{"start":{"line":113,"column":39},"end":{"line":113,"column":60}},{"start":{"line":114,"column":16},"end":{"line":123,"column":25}}],"line":113},"10":{"loc":{"start":{"line":115,"column":19},"end":{"line":121,"column":19}},"type":"binary-expr","locations":[{"start":{"line":115,"column":19},"end":{"line":115,"column":28}},{"start":{"line":116,"column":20},"end":{"line":120,"column":22}}],"line":115},"11":{"loc":{"start":{"line":131,"column":18},"end":{"line":143,"column":19}},"type":"if","locations":[{"start":{"line":131,"column":18},"end":{"line":143,"column":19}},{"start":{"line":134,"column":25},"end":{"line":143,"column":19}}],"line":131},"12":{"loc":{"start":{"line":134,"column":25},"end":{"line":143,"column":19}},"type":"if","locations":[{"start":{"line":134,"column":25},"end":{"line":143,"column":19}},{"start":{"line":137,"column":25},"end":{"line":143,"column":19}}],"line":134},"13":{"loc":{"start":{"line":137,"column":25},"end":{"line":143,"column":19}},"type":"if","locations":[{"start":{"line":137,"column":25},"end":{"line":143,"column":19}},{"start":{},"end":{}}],"line":137},"14":{"loc":{"start":{"line":191,"column":13},"end":{"line":203,"column":13}},"type":"binary-expr","locations":[{"start":{"line":191,"column":13},"end":{"line":191,"column":18}},{"start":{"line":192,"column":14},"end":{"line":202,"column":16}}],"line":191}},"s":{"0":0,"1":0,"2":0,"3":0,"4":0,"5":0,"6":0,"7":0,"8":0,"9":0,"10":0,"11":0,"12":0,"13":0,"14":0,"15":0,"16":0,"17":0,"18":0,"19":0,"20":0,"21":0,"22":0,"23":0,"24":0,"25":0,"26":0,"27":0,"28":0,"29":0,"30":0,"31":0,"32":0,"33":0,"34":0,"35":0,"36":0,"37":0,"38":0,"39":0,"40":0,"41":0,"42":0},"f":{"0":0,"1":0,"2":0,"3":0,"4":0,"5":0,"6":0},"b":{"0":[0,0],"1":[0,0],"2":[0,0],"3":[0,0],"4":[0,0],"5":[0,0],"6":[0,0],"7":[0,0],"8":[0,0],"9":[0,0,0],"10":[0,0],"11":[0,0],"12":[0,0],"13":[0,0],"14":[0,0]},"_coverageSchema":"1a1c01bbd47fc00a2c39e90264f33305004495a9","hash":"38b88bb2716fd58e2f60b78d6013c0cc14e08825"}
,"C:\\Users\\joeza\\OneDrive\\Documents\\OOSE\\project-team-01\\src\\hooks\\use-query-games.tsx": {"path":"C:\\Users\\joeza\\OneDrive\\Documents\\OOSE\\project-team-01\\src\\hooks\\use-query-games.tsx","statementMap":{"0":{"start":{"line":24,"column":6},"end":{"line":40,"column":4}},"1":{"start":{"line":24,"column":26},"end":{"line":40,"column":3}},"2":{"start":{"line":42,"column":30},"end":{"line":42,"column":45}},"3":{"start":{"line":44,"column":23},"end":{"line":100,"column":3}},"4":{"start":{"line":45,"column":4},"end":{"line":99,"column":5}},"5":{"start":{"line":46,"column":6},"end":{"line":46,"column":23}},"6":{"start":{"line":47,"column":6},"end":{"line":47,"column":74}},"7":{"start":{"line":47,"column":26},"end":{"line":47,"column":74}},"8":{"start":{"line":50,"column":18},"end":{"line":50,"column":66}},"9":{"start":{"line":51,"column":19},"end":{"line":51,"column":69}},"10":{"start":{"line":53,"column":30},"end":{"line":56,"column":8}},"11":{"start":{"line":57,"column":6},"end":{"line":57,"column":29}},"12":{"start":{"line":57,"column":17},"end":{"line":57,"column":29}},"13":{"start":{"line":59,"column":6},"end":{"line":89,"column":7}},"14":{"start":{"line":60,"column":22},"end":{"line":85,"column":10}},"15":{"start":{"line":61,"column":33},"end":{"line":83,"column":11}},"16":{"start":{"line":84,"column":10},"end":{"line":84,"column":24}},"17":{"start":{"line":86,"column":8},"end":{"line":86,"column":26}},"18":{"start":{"line":88,"column":8},"end":{"line":88,"column":76}},"19":{"start":{"line":91,"column":6},"end":{"line":95,"column":7}},"20":{"start":{"line":92,"column":8},"end":{"line":92,"column":35}},"21":{"start":{"line":94,"column":8},"end":{"line":94,"column":72}},"22":{"start":{"line":96,"column":6},"end":{"line":96,"column":21}},"23":{"start":{"line":98,"column":6},"end":{"line":98,"column":24}},"24":{"start":{"line":102,"column":27},"end":{"line":160,"column":3}},"25":{"start":{"line":103,"column":4},"end":{"line":159,"column":5}},"26":{"start":{"line":104,"column":6},"end":{"line":104,"column":23}},"27":{"start":{"line":105,"column":6},"end":{"line":106,"column":63}},"28":{"start":{"line":106,"column":8},"end":{"line":106,"column":63}},"29":{"start":{"line":109,"column":18},"end":{"line":109,"column":66}},"30":{"start":{"line":110,"column":19},"end":{"line":110,"column":69}},"31":{"start":{"line":112,"column":30},"end":{"line":115,"column":8}},"32":{"start":{"line":117,"column":6},"end":{"line":117,"column":29}},"33":{"start":{"line":117,"column":17},"end":{"line":117,"column":29}},"34":{"start":{"line":119,"column":6},"end":{"line":149,"column":7}},"35":{"start":{"line":120,"column":22},"end":{"line":145,"column":10}},"36":{"start":{"line":121,"column":41},"end":{"line":143,"column":11}},"37":{"start":{"line":144,"column":10},"end":{"line":144,"column":28}},"38":{"start":{"line":146,"column":8},"end":{"line":146,"column":30}},"39":{"start":{"line":148,"column":8},"end":{"line":148,"column":80}},"40":{"start":{"line":151,"column":6},"end":{"line":155,"column":7}},"41":{"start":{"line":152,"column":8},"end":{"line":152,"column":35}},"42":{"start":{"line":154,"column":8},"end":{"line":154,"column":76}},"43":{"start":{"line":156,"column":6},"end":{"line":156,"column":25}},"44":{"start":{"line":158,"column":6},"end":{"line":158,"column":24}},"45":{"start":{"line":162,"column":25},"end":{"line":225,"column":3}},"46":{"start":{"line":163,"column":4},"end":{"line":224,"column":5}},"47":{"start":{"line":164,"column":6},"end":{"line":164,"column":23}},"48":{"start":{"line":165,"column":6},"end":{"line":165,"column":79}},"49":{"start":{"line":165,"column":26},"end":{"line":165,"column":79}},"50":{"start":{"line":167,"column":35},"end":{"line":167,"column":58}},"51":{"start":{"line":168,"column":6},"end":{"line":168,"column":44}},"52":{"start":{"line":168,"column":31},"end":{"line":168,"column":44}},"53":{"start":{"line":171,"column":26},"end":{"line":171,"column":42}},"54":{"start":{"line":172,"column":25},"end":{"line":172,"column":40}},"55":{"start":{"line":173,"column":26},"end":{"line":173,"column":42}},"56":{"start":{"line":175,"column":30},"end":{"line":184,"column":10}},"57":{"start":{"line":185,"column":6},"end":{"line":185,"column":29}},"58":{"start":{"line":185,"column":17},"end":{"line":185,"column":29}},"59":{"start":{"line":187,"column":6},"end":{"line":214,"column":7}},"60":{"start":{"line":188,"column":22},"end":{"line":208,"column":10}},"61":{"start":{"line":189,"column":37},"end":{"line":206,"column":11}},"62":{"start":{"line":207,"column":10},"end":{"line":207,"column":26}},"63":{"start":{"line":209,"column":8},"end":{"line":209,"column":87}},"64":{"start":{"line":210,"column":8},"end":{"line":210,"column":76}},"65":{"start":{"line":211,"column":8},"end":{"line":211,"column":21}},"66":{"start":{"line":213,"column":8},"end":{"line":213,"column":78}},"67":{"start":{"line":216,"column":6},"end":{"line":220,"column":7}},"68":{"start":{"line":217,"column":8},"end":{"line":217,"column":35}},"69":{"start":{"line":219,"column":8},"end":{"line":219,"column":74}},"70":{"start":{"line":221,"column":6},"end":{"line":221,"column":67}},"71":{"start":{"line":223,"column":6},"end":{"line":223,"column":24}},"72":{"start":{"line":227,"column":2},"end":{"line":232,"column":4}}},"fnMap":{"0":{"name":"useQueryGames","decl":{"start":{"line":7,"column":9},"end":{"line":7,"column":22}},"loc":{"start":{"line":7,"column":25},"end":{"line":233,"column":1}},"line":7},"1":{"name":"(anonymous_1)","decl":{"start":{"line":24,"column":15},"end":{"line":24,"column":16}},"loc":{"start":{"line":24,"column":26},"end":{"line":40,"column":3}},"line":24},"2":{"name":"(anonymous_2)","decl":{"start":{"line":44,"column":23},"end":{"line":44,"column":24}},"loc":{"start":{"line":44,"column":35},"end":{"line":100,"column":3}},"line":44},"3":{"name":"(anonymous_3)","decl":{"start":{"line":60,"column":31},"end":{"line":60,"column":32}},"loc":{"start":{"line":60,"column":46},"end":{"line":85,"column":9}},"line":60},"4":{"name":"(anonymous_4)","decl":{"start":{"line":102,"column":27},"end":{"line":102,"column":28}},"loc":{"start":{"line":102,"column":39},"end":{"line":160,"column":3}},"line":102},"5":{"name":"(anonymous_5)","decl":{"start":{"line":120,"column":31},"end":{"line":120,"column":32}},"loc":{"start":{"line":120,"column":46},"end":{"line":145,"column":9}},"line":120},"6":{"name":"(anonymous_6)","decl":{"start":{"line":162,"column":25},"end":{"line":162,"column":26}},"loc":{"start":{"line":162,"column":73},"end":{"line":225,"column":3}},"line":162},"7":{"name":"(anonymous_7)","decl":{"start":{"line":188,"column":31},"end":{"line":188,"column":32}},"loc":{"start":{"line":188,"column":46},"end":{"line":208,"column":9}},"line":188}},"branchMap":{"0":{"loc":{"start":{"line":47,"column":6},"end":{"line":47,"column":74}},"type":"if","locations":[{"start":{"line":47,"column":6},"end":{"line":47,"column":74}},{"start":{},"end":{}}],"line":47},"1":{"loc":{"start":{"line":50,"column":18},"end":{"line":50,"column":66}},"type":"cond-expr","locations":[{"start":{"line":50,"column":29},"end":{"line":50,"column":53}},{"start":{"line":50,"column":56},"end":{"line":50,"column":66}}],"line":50},"2":{"loc":{"start":{"line":51,"column":19},"end":{"line":51,"column":69}},"type":"cond-expr","locations":[{"start":{"line":51,"column":30},"end":{"line":51,"column":55}},{"start":{"line":51,"column":58},"end":{"line":51,"column":69}}],"line":51},"3":{"loc":{"start":{"line":57,"column":6},"end":{"line":57,"column":29}},"type":"if","locations":[{"start":{"line":57,"column":6},"end":{"line":57,"column":29}},{"start":{},"end":{}}],"line":57},"4":{"loc":{"start":{"line":59,"column":6},"end":{"line":89,"column":7}},"type":"if","locations":[{"start":{"line":59,"column":6},"end":{"line":89,"column":7}},{"start":{"line":87,"column":13},"end":{"line":89,"column":7}}],"line":59},"5":{"loc":{"start":{"line":80,"column":26},"end":{"line":80,"column":79}},"type":"cond-expr","locations":[{"start":{"line":80,"column":37},"end":{"line":80,"column":73}},{"start":{"line":80,"column":76},"end":{"line":80,"column":79}}],"line":80},"6":{"loc":{"start":{"line":81,"column":26},"end":{"line":81,"column":70}},"type":"cond-expr","locations":[{"start":{"line":81,"column":47},"end":{"line":81,"column":65}},{"start":{"line":81,"column":68},"end":{"line":81,"column":70}}],"line":81},"7":{"loc":{"start":{"line":82,"column":29},"end":{"line":82,"column":79}},"type":"cond-expr","locations":[{"start":{"line":82,"column":53},"end":{"line":82,"column":74}},{"start":{"line":82,"column":77},"end":{"line":82,"column":79}}],"line":82},"8":{"loc":{"start":{"line":91,"column":6},"end":{"line":95,"column":7}},"type":"if","locations":[{"start":{"line":91,"column":6},"end":{"line":95,"column":7}},{"start":{"line":93,"column":13},"end":{"line":95,"column":7}}],"line":91},"9":{"loc":{"start":{"line":105,"column":6},"end":{"line":106,"column":63}},"type":"if","locations":[{"start":{"line":105,"column":6},"end":{"line":106,"column":63}},{"start":{},"end":{}}],"line":105},"10":{"loc":{"start":{"line":109,"column":18},"end":{"line":109,"column":66}},"type":"cond-expr","locations":[{"start":{"line":109,"column":29},"end":{"line":109,"column":53}},{"start":{"line":109,"column":56},"end":{"line":109,"column":66}}],"line":109},"11":{"loc":{"start":{"line":110,"column":19},"end":{"line":110,"column":69}},"type":"cond-expr","locations":[{"start":{"line":110,"column":30},"end":{"line":110,"column":55}},{"start":{"line":110,"column":58},"end":{"line":110,"column":69}}],"line":110},"12":{"loc":{"start":{"line":117,"column":6},"end":{"line":117,"column":29}},"type":"if","locations":[{"start":{"line":117,"column":6},"end":{"line":117,"column":29}},{"start":{},"end":{}}],"line":117},"13":{"loc":{"start":{"line":119,"column":6},"end":{"line":149,"column":7}},"type":"if","locations":[{"start":{"line":119,"column":6},"end":{"line":149,"column":7}},{"start":{"line":147,"column":13},"end":{"line":149,"column":7}}],"line":119},"14":{"loc":{"start":{"line":140,"column":26},"end":{"line":140,"column":79}},"type":"cond-expr","locations":[{"start":{"line":140,"column":37},"end":{"line":140,"column":73}},{"start":{"line":140,"column":76},"end":{"line":140,"column":79}}],"line":140},"15":{"loc":{"start":{"line":141,"column":29},"end":{"line":141,"column":79}},"type":"cond-expr","locations":[{"start":{"line":141,"column":53},"end":{"line":141,"column":74}},{"start":{"line":141,"column":77},"end":{"line":141,"column":79}}],"line":141},"16":{"loc":{"start":{"line":151,"column":6},"end":{"line":155,"column":7}},"type":"if","locations":[{"start":{"line":151,"column":6},"end":{"line":155,"column":7}},{"start":{"line":153,"column":13},"end":{"line":155,"column":7}}],"line":151},"17":{"loc":{"start":{"line":165,"column":6},"end":{"line":165,"column":79}},"type":"if","locations":[{"start":{"line":165,"column":6},"end":{"line":165,"column":79}},{"start":{},"end":{}}],"line":165},"18":{"loc":{"start":{"line":168,"column":6},"end":{"line":168,"column":44}},"type":"if","locations":[{"start":{"line":168,"column":6},"end":{"line":168,"column":44}},{"start":{},"end":{}}],"line":168},"19":{"loc":{"start":{"line":168,"column":10},"end":{"line":168,"column":29}},"type":"binary-expr","locations":[{"start":{"line":168,"column":10},"end":{"line":168,"column":19}},{"start":{"line":168,"column":23},"end":{"line":168,"column":29}}],"line":168},"20":{"loc":{"start":{"line":176,"column":13},"end":{"line":176,"column":64}},"type":"cond-expr","locations":[{"start":{"line":176,"column":27},"end":{"line":176,"column":47}},{"start":{"line":176,"column":50},"end":{"line":176,"column":64}}],"line":176},"21":{"loc":{"start":{"line":185,"column":6},"end":{"line":185,"column":29}},"type":"if","locations":[{"start":{"line":185,"column":6},"end":{"line":185,"column":29}},{"start":{},"end":{}}],"line":185},"22":{"loc":{"start":{"line":187,"column":6},"end":{"line":214,"column":7}},"type":"if","locations":[{"start":{"line":187,"column":6},"end":{"line":214,"column":7}},{"start":{"line":212,"column":13},"end":{"line":214,"column":7}}],"line":187},"23":{"loc":{"start":{"line":203,"column":29},"end":{"line":203,"column":79}},"type":"cond-expr","locations":[{"start":{"line":203,"column":53},"end":{"line":203,"column":74}},{"start":{"line":203,"column":77},"end":{"line":203,"column":79}}],"line":203},"24":{"loc":{"start":{"line":209,"column":8},"end":{"line":209,"column":86}},"type":"binary-expr","locations":[{"start":{"line":209,"column":8},"end":{"line":209,"column":20}},{"start":{"line":209,"column":25},"end":{"line":209,"column":85}}],"line":209},"25":{"loc":{"start":{"line":209,"column":25},"end":{"line":209,"column":85}},"type":"cond-expr","locations":[{"start":{"line":209,"column":39},"end":{"line":209,"column":66}},{"start":{"line":209,"column":69},"end":{"line":209,"column":85}}],"line":209},"26":{"loc":{"start":{"line":210,"column":8},"end":{"line":210,"column":75}},"type":"cond-expr","locations":[{"start":{"line":210,"column":23},"end":{"line":210,"column":53}},{"start":{"line":210,"column":56},"end":{"line":210,"column":75}}],"line":210},"27":{"loc":{"start":{"line":216,"column":6},"end":{"line":220,"column":7}},"type":"if","locations":[{"start":{"line":216,"column":6},"end":{"line":220,"column":7}},{"start":{"line":218,"column":13},"end":{"line":220,"column":7}}],"line":216},"28":{"loc":{"start":{"line":221,"column":6},"end":{"line":221,"column":66}},"type":"cond-expr","locations":[{"start":{"line":221,"column":20},"end":{"line":221,"column":47}},{"start":{"line":221,"column":50},"end":{"line":221,"column":66}}],"line":221}},"s":{"0":22,"1":38,"2":22,"3":22,"4":0,"5":0,"6":0,"7":0,"8":0,"9":0,"10":0,"11":0,"12":0,"13":0,"14":0,"15":0,"16":0,"17":0,"18":0,"19":0,"20":0,"21":0,"22":0,"23":0,"24":22,"25":0,"26":0,"27":0,"28":0,"29":0,"30":0,"31":0,"32":0,"33":0,"34":0,"35":0,"36":0,"37":0,"38":0,"39":0,"40":0,"41":0,"42":0,"43":0,"44":0,"45":22,"46":4,"47":4,"48":4,"49":4,"50":0,"51":0,"52":0,"53":0,"54":0,"55":0,"56":0,"57":0,"58":0,"59":0,"60":0,"61":0,"62":0,"63":0,"64":0,"65":0,"66":0,"67":4,"68":4,"69":0,"70":4,"71":4,"72":22},"f":{"0":22,"1":38,"2":0,"3":0,"4":0,"5":0,"6":4,"7":0},"b":{"0":[0,0],"1":[0,0],"2":[0,0],"3":[0,0],"4":[0,0],"5":[0,0],"6":[0,0],"7":[0,0],"8":[0,0],"9":[0,0],"10":[0,0],"11":[0,0],"12":[0,0],"13":[0,0],"14":[0,0],"15":[0,0],"16":[0,0],"17":[4,0],"18":[0,0],"19":[0,0],"20":[0,0],"21":[0,0],"22":[0,0],"23":[0,0],"24":[0,0],"25":[0,0],"26":[0,0],"27":[4,0],"28":[2,2]},"_coverageSchema":"1a1c01bbd47fc00a2c39e90264f33305004495a9","hash":"ff371a8be45207424636f3b23af21e451364800a"}
,"C:\\Users\\joeza\\OneDrive\\Documents\\OOSE\\project-team-01\\src\\hooks\\use-query-users.tsx": {"path":"C:\\Users\\joeza\\OneDrive\\Documents\\OOSE\\project-team-01\\src\\hooks\\use-query-users.tsx","statementMap":{"0":{"start":{"line":15,"column":6},"end":{"line":22,"column":4}},"1":{"start":{"line":15,"column":26},"end":{"line":22,"column":3}},"2":{"start":{"line":24,"column":27},"end":{"line":58,"column":3}},"3":{"start":{"line":27,"column":4},"end":{"line":57,"column":5}},"4":{"start":{"line":28,"column":6},"end":{"line":28,"column":23}},"5":{"start":{"line":29,"column":6},"end":{"line":29,"column":69}},"6":{"start":{"line":29,"column":26},"end":{"line":29,"column":69}},"7":{"start":{"line":30,"column":30},"end":{"line":34,"column":47}},"8":{"start":{"line":35,"column":6},"end":{"line":35,"column":29}},"9":{"start":{"line":35,"column":17},"end":{"line":35,"column":29}},"10":{"start":{"line":36,"column":6},"end":{"line":50,"column":7}},"11":{"start":{"line":37,"column":22},"end":{"line":46,"column":10}},"12":{"start":{"line":38,"column":38},"end":{"line":44,"column":11}},"13":{"start":{"line":45,"column":10},"end":{"line":45,"column":22}},"14":{"start":{"line":47,"column":8},"end":{"line":47,"column":21}},"15":{"start":{"line":49,"column":8},"end":{"line":49,"column":80}},"16":{"start":{"line":52,"column":6},"end":{"line":54,"column":7}},"17":{"start":{"line":53,"column":8},"end":{"line":53,"column":35}},"18":{"start":{"line":56,"column":6},"end":{"line":56,"column":24}},"19":{"start":{"line":60,"column":26},"end":{"line":82,"column":3}},"20":{"start":{"line":61,"column":4},"end":{"line":81,"column":5}},"21":{"start":{"line":62,"column":6},"end":{"line":62,"column":23}},"22":{"start":{"line":63,"column":6},"end":{"line":63,"column":69}},"23":{"start":{"line":63,"column":26},"end":{"line":63,"column":69}},"24":{"start":{"line":65,"column":30},"end":{"line":67,"column":8}},"25":{"start":{"line":68,"column":6},"end":{"line":68,"column":29}},"26":{"start":{"line":68,"column":17},"end":{"line":68,"column":29}},"27":{"start":{"line":70,"column":6},"end":{"line":74,"column":7}},"28":{"start":{"line":71,"column":32},"end":{"line":71,"column":36}},"29":{"start":{"line":72,"column":8},"end":{"line":72,"column":27}},"30":{"start":{"line":73,"column":8},"end":{"line":73,"column":20}},"31":{"start":{"line":76,"column":6},"end":{"line":78,"column":7}},"32":{"start":{"line":77,"column":8},"end":{"line":77,"column":35}},"33":{"start":{"line":80,"column":6},"end":{"line":80,"column":24}},"34":{"start":{"line":84,"column":21},"end":{"line":118,"column":3}},"35":{"start":{"line":85,"column":4},"end":{"line":117,"column":5}},"36":{"start":{"line":86,"column":6},"end":{"line":86,"column":23}},"37":{"start":{"line":87,"column":6},"end":{"line":87,"column":69}},"38":{"start":{"line":87,"column":26},"end":{"line":87,"column":69}},"39":{"start":{"line":89,"column":28},"end":{"line":89,"column":61}},"40":{"start":{"line":90,"column":6},"end":{"line":90,"column":38}},"41":{"start":{"line":90,"column":17},"end":{"line":90,"column":38}},"42":{"start":{"line":92,"column":6},"end":{"line":108,"column":7}},"43":{"start":{"line":93,"column":24},"end":{"line":102,"column":10}},"44":{"start":{"line":94,"column":42},"end":{"line":100,"column":11}},"45":{"start":{"line":101,"column":10},"end":{"line":101,"column":26}},"46":{"start":{"line":104,"column":8},"end":{"line":104,"column":28}},"47":{"start":{"line":105,"column":8},"end":{"line":105,"column":23}},"48":{"start":{"line":107,"column":8},"end":{"line":107,"column":75}},"49":{"start":{"line":110,"column":6},"end":{"line":114,"column":7}},"50":{"start":{"line":111,"column":8},"end":{"line":111,"column":35}},"51":{"start":{"line":113,"column":8},"end":{"line":113,"column":71}},"52":{"start":{"line":116,"column":6},"end":{"line":116,"column":24}},"53":{"start":{"line":120,"column":28},"end":{"line":156,"column":3}},"54":{"start":{"line":121,"column":4},"end":{"line":155,"column":5}},"55":{"start":{"line":122,"column":6},"end":{"line":122,"column":23}},"56":{"start":{"line":123,"column":6},"end":{"line":123,"column":69}},"57":{"start":{"line":123,"column":26},"end":{"line":123,"column":69}},"58":{"start":{"line":125,"column":28},"end":{"line":125,"column":69}},"59":{"start":{"line":126,"column":6},"end":{"line":126,"column":38}},"60":{"start":{"line":126,"column":17},"end":{"line":126,"column":38}},"61":{"start":{"line":128,"column":6},"end":{"line":146,"column":7}},"62":{"start":{"line":129,"column":31},"end":{"line":138,"column":10}},"63":{"start":{"line":130,"column":49},"end":{"line":136,"column":11}},"64":{"start":{"line":137,"column":10},"end":{"line":137,"column":33}},"65":{"start":{"line":140,"column":8},"end":{"line":140,"column":42}},"66":{"start":{"line":141,"column":8},"end":{"line":141,"column":30}},"67":{"start":{"line":143,"column":8},"end":{"line":145,"column":10}},"68":{"start":{"line":148,"column":6},"end":{"line":152,"column":7}},"69":{"start":{"line":149,"column":8},"end":{"line":149,"column":35}},"70":{"start":{"line":151,"column":8},"end":{"line":151,"column":79}},"71":{"start":{"line":154,"column":6},"end":{"line":154,"column":24}},"72":{"start":{"line":158,"column":26},"end":{"line":173,"column":3}},"73":{"start":{"line":159,"column":21},"end":{"line":159,"column":71}},"74":{"start":{"line":160,"column":4},"end":{"line":165,"column":5}},"75":{"start":{"line":161,"column":6},"end":{"line":164,"column":8}},"76":{"start":{"line":167,"column":19},"end":{"line":167,"column":61}},"77":{"start":{"line":168,"column":4},"end":{"line":170,"column":5}},"78":{"start":{"line":169,"column":6},"end":{"line":169,"column":77}},"79":{"start":{"line":172,"column":4},"end":{"line":172,"column":26}},"80":{"start":{"line":175,"column":26},"end":{"line":191,"column":3}},"81":{"start":{"line":176,"column":21},"end":{"line":176,"column":71}},"82":{"start":{"line":177,"column":4},"end":{"line":182,"column":5}},"83":{"start":{"line":178,"column":6},"end":{"line":181,"column":8}},"84":{"start":{"line":184,"column":19},"end":{"line":184,"column":61}},"85":{"start":{"line":185,"column":4},"end":{"line":187,"column":5}},"86":{"start":{"line":186,"column":6},"end":{"line":186,"column":77}},"87":{"start":{"line":189,"column":4},"end":{"line":189,"column":26}},"88":{"start":{"line":190,"column":4},"end":{"line":190,"column":38}},"89":{"start":{"line":193,"column":2},"end":{"line":200,"column":4}}},"fnMap":{"0":{"name":"useQueryUsers","decl":{"start":{"line":7,"column":9},"end":{"line":7,"column":22}},"loc":{"start":{"line":7,"column":25},"end":{"line":201,"column":1}},"line":7},"1":{"name":"(anonymous_1)","decl":{"start":{"line":15,"column":15},"end":{"line":15,"column":16}},"loc":{"start":{"line":15,"column":26},"end":{"line":22,"column":3}},"line":15},"2":{"name":"(anonymous_2)","decl":{"start":{"line":24,"column":27},"end":{"line":24,"column":28}},"loc":{"start":{"line":26,"column":45},"end":{"line":58,"column":3}},"line":26},"3":{"name":"(anonymous_3)","decl":{"start":{"line":37,"column":31},"end":{"line":37,"column":32}},"loc":{"start":{"line":37,"column":46},"end":{"line":46,"column":9}},"line":37},"4":{"name":"(anonymous_4)","decl":{"start":{"line":60,"column":26},"end":{"line":60,"column":27}},"loc":{"start":{"line":60,"column":52},"end":{"line":82,"column":3}},"line":60},"5":{"name":"(anonymous_5)","decl":{"start":{"line":84,"column":21},"end":{"line":84,"column":22}},"loc":{"start":{"line":84,"column":33},"end":{"line":118,"column":3}},"line":84},"6":{"name":"(anonymous_6)","decl":{"start":{"line":93,"column":33},"end":{"line":93,"column":34}},"loc":{"start":{"line":93,"column":50},"end":{"line":102,"column":9}},"line":93},"7":{"name":"(anonymous_7)","decl":{"start":{"line":120,"column":28},"end":{"line":120,"column":29}},"loc":{"start":{"line":120,"column":40},"end":{"line":156,"column":3}},"line":120},"8":{"name":"(anonymous_8)","decl":{"start":{"line":129,"column":40},"end":{"line":129,"column":41}},"loc":{"start":{"line":129,"column":64},"end":{"line":138,"column":9}},"line":129},"9":{"name":"(anonymous_9)","decl":{"start":{"line":158,"column":26},"end":{"line":158,"column":27}},"loc":{"start":{"line":158,"column":38},"end":{"line":173,"column":3}},"line":158},"10":{"name":"(anonymous_10)","decl":{"start":{"line":175,"column":26},"end":{"line":175,"column":27}},"loc":{"start":{"line":175,"column":38},"end":{"line":191,"column":3}},"line":175}},"branchMap":{"0":{"loc":{"start":{"line":29,"column":6},"end":{"line":29,"column":69}},"type":"if","locations":[{"start":{"line":29,"column":6},"end":{"line":29,"column":69}},{"start":{},"end":{}}],"line":29},"1":{"loc":{"start":{"line":35,"column":6},"end":{"line":35,"column":29}},"type":"if","locations":[{"start":{"line":35,"column":6},"end":{"line":35,"column":29}},{"start":{},"end":{}}],"line":35},"2":{"loc":{"start":{"line":36,"column":6},"end":{"line":50,"column":7}},"type":"if","locations":[{"start":{"line":36,"column":6},"end":{"line":50,"column":7}},{"start":{"line":48,"column":13},"end":{"line":50,"column":7}}],"line":36},"3":{"loc":{"start":{"line":52,"column":6},"end":{"line":54,"column":7}},"type":"if","locations":[{"start":{"line":52,"column":6},"end":{"line":54,"column":7}},{"start":{},"end":{}}],"line":52},"4":{"loc":{"start":{"line":63,"column":6},"end":{"line":63,"column":69}},"type":"if","locations":[{"start":{"line":63,"column":6},"end":{"line":63,"column":69}},{"start":{},"end":{}}],"line":63},"5":{"loc":{"start":{"line":68,"column":6},"end":{"line":68,"column":29}},"type":"if","locations":[{"start":{"line":68,"column":6},"end":{"line":68,"column":29}},{"start":{},"end":{}}],"line":68},"6":{"loc":{"start":{"line":70,"column":6},"end":{"line":74,"column":7}},"type":"if","locations":[{"start":{"line":70,"column":6},"end":{"line":74,"column":7}},{"start":{},"end":{}}],"line":70},"7":{"loc":{"start":{"line":76,"column":6},"end":{"line":78,"column":7}},"type":"if","locations":[{"start":{"line":76,"column":6},"end":{"line":78,"column":7}},{"start":{},"end":{}}],"line":76},"8":{"loc":{"start":{"line":87,"column":6},"end":{"line":87,"column":69}},"type":"if","locations":[{"start":{"line":87,"column":6},"end":{"line":87,"column":69}},{"start":{},"end":{}}],"line":87},"9":{"loc":{"start":{"line":90,"column":6},"end":{"line":90,"column":38}},"type":"if","locations":[{"start":{"line":90,"column":6},"end":{"line":90,"column":38}},{"start":{},"end":{}}],"line":90},"10":{"loc":{"start":{"line":92,"column":6},"end":{"line":108,"column":7}},"type":"if","locations":[{"start":{"line":92,"column":6},"end":{"line":108,"column":7}},{"start":{"line":106,"column":13},"end":{"line":108,"column":7}}],"line":92},"11":{"loc":{"start":{"line":110,"column":6},"end":{"line":114,"column":7}},"type":"if","locations":[{"start":{"line":110,"column":6},"end":{"line":114,"column":7}},{"start":{"line":112,"column":13},"end":{"line":114,"column":7}}],"line":110},"12":{"loc":{"start":{"line":123,"column":6},"end":{"line":123,"column":69}},"type":"if","locations":[{"start":{"line":123,"column":6},"end":{"line":123,"column":69}},{"start":{},"end":{}}],"line":123},"13":{"loc":{"start":{"line":126,"column":6},"end":{"line":126,"column":38}},"type":"if","locations":[{"start":{"line":126,"column":6},"end":{"line":126,"column":38}},{"start":{},"end":{}}],"line":126},"14":{"loc":{"start":{"line":128,"column":6},"end":{"line":146,"column":7}},"type":"if","locations":[{"start":{"line":128,"column":6},"end":{"line":146,"column":7}},{"start":{"line":142,"column":13},"end":{"line":146,"column":7}}],"line":128},"15":{"loc":{"start":{"line":148,"column":6},"end":{"line":152,"column":7}},"type":"if","locations":[{"start":{"line":148,"column":6},"end":{"line":152,"column":7}},{"start":{"line":150,"column":13},"end":{"line":152,"column":7}}],"line":148},"16":{"loc":{"start":{"line":160,"column":4},"end":{"line":165,"column":5}},"type":"if","locations":[{"start":{"line":160,"column":4},"end":{"line":165,"column":5}},{"start":{},"end":{}}],"line":160},"17":{"loc":{"start":{"line":168,"column":4},"end":{"line":170,"column":5}},"type":"if","locations":[{"start":{"line":168,"column":4},"end":{"line":170,"column":5}},{"start":{},"end":{}}],"line":168},"18":{"loc":{"start":{"line":177,"column":4},"end":{"line":182,"column":5}},"type":"if","locations":[{"start":{"line":177,"column":4},"end":{"line":182,"column":5}},{"start":{},"end":{}}],"line":177},"19":{"loc":{"start":{"line":185,"column":4},"end":{"line":187,"column":5}},"type":"if","locations":[{"start":{"line":185,"column":4},"end":{"line":187,"column":5}},{"start":{},"end":{}}],"line":185}},"s":{"0":22,"1":34,"2":22,"3":0,"4":0,"5":0,"6":0,"7":0,"8":0,"9":0,"10":0,"11":0,"12":0,"13":0,"14":0,"15":0,"16":0,"17":0,"18":0,"19":22,"20":0,"21":0,"22":0,"23":0,"24":0,"25":0,"26":0,"27":0,"28":0,"29":0,"30":0,"31":0,"32":0,"33":0,"34":22,"35":0,"36":0,"37":0,"38":0,"39":0,"40":0,"41":0,"42":0,"43":0,"44":0,"45":0,"46":0,"47":0,"48":0,"49":0,"50":0,"51":0,"52":0,"53":22,"54":0,"55":0,"56":0,"57":0,"58":0,"59":0,"60":0,"61":0,"62":0,"63":0,"64":0,"65":0,"66":0,"67":0,"68":0,"69":0,"70":0,"71":0,"72":22,"73":0,"74":0,"75":0,"76":0,"77":0,"78":0,"79":0,"80":22,"81":0,"82":0,"83":0,"84":0,"85":0,"86":0,"87":0,"88":0,"89":22},"f":{"0":22,"1":34,"2":0,"3":0,"4":0,"5":0,"6":0,"7":0,"8":0,"9":0,"10":0},"b":{"0":[0,0],"1":[0,0],"2":[0,0],"3":[0,0],"4":[0,0],"5":[0,0],"6":[0,0],"7":[0,0],"8":[0,0],"9":[0,0],"10":[0,0],"11":[0,0],"12":[0,0],"13":[0,0],"14":[0,0],"15":[0,0],"16":[0,0],"17":[0,0],"18":[0,0],"19":[0,0]},"_coverageSchema":"1a1c01bbd47fc00a2c39e90264f33305004495a9","hash":"9e188beebb1eb0c9cef6dd0ae2ef2ec044947f2c"}
,"C:\\Users\\joeza\\OneDrive\\Documents\\OOSE\\project-team-01\\src\\lib\\store.ts": {"path":"C:\\Users\\joeza\\OneDrive\\Documents\\OOSE\\project-team-01\\src\\lib\\store.ts","statementMap":{"0":{"start":{"line":134,"column":28},"end":{"line":157,"column":1}},"1":{"start":{"line":159,"column":24},"end":{"line":442,"column":1}},"2":{"start":{"line":160,"column":23},"end":{"line":441,"column":3}},"3":{"start":{"line":163,"column":29},"end":{"line":163,"column":45}},"4":{"start":{"line":165,"column":29},"end":{"line":165,"column":45}},"5":{"start":{"line":167,"column":23},"end":{"line":167,"column":36}},"6":{"start":{"line":169,"column":28},"end":{"line":169,"column":52}},"7":{"start":{"line":172,"column":24},"end":{"line":172,"column":41}},"8":{"start":{"line":173,"column":6},"end":{"line":177,"column":7}},"9":{"start":{"line":174,"column":8},"end":{"line":176,"column":9}},"10":{"start":{"line":175,"column":10},"end":{"line":175,"column":42}},"11":{"start":{"line":178,"column":6},"end":{"line":178,"column":33}},"12":{"start":{"line":181,"column":35},"end":{"line":181,"column":54}},"13":{"start":{"line":184,"column":6},"end":{"line":184,"column":62}},"14":{"start":{"line":187,"column":28},"end":{"line":192,"column":8}},"15":{"start":{"line":188,"column":8},"end":{"line":190,"column":9}},"16":{"start":{"line":189,"column":10},"end":{"line":189,"column":30}},"17":{"start":{"line":191,"column":8},"end":{"line":191,"column":25}},"18":{"start":{"line":193,"column":6},"end":{"line":193,"column":41}},"19":{"start":{"line":196,"column":27},"end":{"line":196,"column":50}},"20":{"start":{"line":201,"column":6},"end":{"line":201,"column":72}},"21":{"start":{"line":201,"column":22},"end":{"line":201,"column":70}},"22":{"start":{"line":203,"column":26},"end":{"line":203,"column":48}},"23":{"start":{"line":206,"column":6},"end":{"line":208,"column":9}},"24":{"start":{"line":206,"column":22},"end":{"line":208,"column":7}},"25":{"start":{"line":210,"column":37},"end":{"line":210,"column":70}},"26":{"start":{"line":212,"column":39},"end":{"line":212,"column":74}},"27":{"start":{"line":214,"column":33},"end":{"line":214,"column":64}},"28":{"start":{"line":218,"column":33},"end":{"line":226,"column":8}},"29":{"start":{"line":219,"column":8},"end":{"line":224,"column":9}},"30":{"start":{"line":220,"column":10},"end":{"line":223,"column":12}},"31":{"start":{"line":225,"column":8},"end":{"line":225,"column":20}},"32":{"start":{"line":227,"column":6},"end":{"line":227,"column":45}},"33":{"start":{"line":229,"column":6},"end":{"line":229,"column":38}},"34":{"start":{"line":234,"column":29},"end":{"line":234,"column":45}},"35":{"start":{"line":236,"column":24},"end":{"line":236,"column":44}},"36":{"start":{"line":239,"column":6},"end":{"line":239,"column":51}},"37":{"start":{"line":240,"column":6},"end":{"line":240,"column":38}},"38":{"start":{"line":244,"column":29},"end":{"line":246,"column":7}},"39":{"start":{"line":245,"column":20},"end":{"line":245,"column":42}},"40":{"start":{"line":247,"column":6},"end":{"line":247,"column":39}},"41":{"start":{"line":248,"column":6},"end":{"line":248,"column":36}},"42":{"start":{"line":252,"column":29},"end":{"line":259,"column":8}},"43":{"start":{"line":253,"column":8},"end":{"line":257,"column":9}},"44":{"start":{"line":254,"column":10},"end":{"line":254,"column":57}},"45":{"start":{"line":255,"column":10},"end":{"line":255,"column":63}},"46":{"start":{"line":256,"column":10},"end":{"line":256,"column":29}},"47":{"start":{"line":258,"column":8},"end":{"line":258,"column":22}},"48":{"start":{"line":260,"column":6},"end":{"line":260,"column":43}},"49":{"start":{"line":261,"column":6},"end":{"line":261,"column":39}},"50":{"start":{"line":264,"column":35},"end":{"line":264,"column":66}},"51":{"start":{"line":266,"column":31},"end":{"line":266,"column":60}},"52":{"start":{"line":270,"column":24},"end":{"line":272,"column":59}},"53":{"start":{"line":271,"column":32},"end":{"line":271,"column":50}},"54":{"start":{"line":272,"column":38},"end":{"line":272,"column":58}},"55":{"start":{"line":275,"column":29},"end":{"line":289,"column":8}},"56":{"start":{"line":276,"column":8},"end":{"line":287,"column":9}},"57":{"start":{"line":278,"column":10},"end":{"line":280,"column":12}},"58":{"start":{"line":279,"column":22},"end":{"line":279,"column":41}},"59":{"start":{"line":282,"column":10},"end":{"line":285,"column":11}},"60":{"start":{"line":283,"column":12},"end":{"line":283,"column":39}},"61":{"start":{"line":284,"column":12},"end":{"line":284,"column":51}},"62":{"start":{"line":286,"column":10},"end":{"line":286,"column":49}},"63":{"start":{"line":288,"column":8},"end":{"line":288,"column":22}},"64":{"start":{"line":290,"column":6},"end":{"line":290,"column":39}},"65":{"start":{"line":294,"column":29},"end":{"line":303,"column":8}},"66":{"start":{"line":295,"column":8},"end":{"line":301,"column":9}},"67":{"start":{"line":297,"column":10},"end":{"line":299,"column":12}},"68":{"start":{"line":298,"column":22},"end":{"line":298,"column":41}},"69":{"start":{"line":300,"column":10},"end":{"line":300,"column":49}},"70":{"start":{"line":302,"column":8},"end":{"line":302,"column":22}},"71":{"start":{"line":304,"column":6},"end":{"line":304,"column":39}},"72":{"start":{"line":308,"column":29},"end":{"line":318,"column":8}},"73":{"start":{"line":309,"column":8},"end":{"line":316,"column":9}},"74":{"start":{"line":311,"column":10},"end":{"line":313,"column":12}},"75":{"start":{"line":312,"column":22},"end":{"line":312,"column":41}},"76":{"start":{"line":314,"column":10},"end":{"line":314,"column":37}},"77":{"start":{"line":315,"column":10},"end":{"line":315,"column":49}},"78":{"start":{"line":317,"column":8},"end":{"line":317,"column":22}},"79":{"start":{"line":319,"column":6},"end":{"line":319,"column":39}},"80":{"start":{"line":324,"column":37},"end":{"line":324,"column":57}},"81":{"start":{"line":326,"column":28},"end":{"line":326,"column":52}},"82":{"start":{"line":329,"column":6},"end":{"line":329,"column":63}},"83":{"start":{"line":330,"column":6},"end":{"line":330,"column":46}},"84":{"start":{"line":334,"column":29},"end":{"line":336,"column":7}},"85":{"start":{"line":335,"column":24},"end":{"line":335,"column":54}},"86":{"start":{"line":337,"column":6},"end":{"line":337,"column":43}},"87":{"start":{"line":338,"column":6},"end":{"line":338,"column":40}},"88":{"start":{"line":342,"column":6},"end":{"line":342,"column":45}},"89":{"start":{"line":344,"column":35},"end":{"line":344,"column":68}},"90":{"start":{"line":348,"column":31},"end":{"line":348,"column":58}},"91":{"start":{"line":350,"column":25},"end":{"line":350,"column":48}},"92":{"start":{"line":354,"column":31},"end":{"line":354,"column":58}},"93":{"start":{"line":355,"column":29},"end":{"line":355,"column":54}},"94":{"start":{"line":356,"column":31},"end":{"line":356,"column":58}},"95":{"start":{"line":359,"column":6},"end":{"line":359,"column":31}},"96":{"start":{"line":362,"column":6},"end":{"line":362,"column":30}},"97":{"start":{"line":365,"column":6},"end":{"line":365,"column":31}},"98":{"start":{"line":370,"column":31},"end":{"line":370,"column":48}},"99":{"start":{"line":372,"column":25},"end":{"line":372,"column":46}},"100":{"start":{"line":374,"column":29},"end":{"line":374,"column":76}},"101":{"start":{"line":376,"column":29},"end":{"line":376,"column":45}},"102":{"start":{"line":378,"column":31},"end":{"line":378,"column":48}},"103":{"start":{"line":382,"column":33},"end":{"line":385,"column":7}},"104":{"start":{"line":384,"column":10},"end":{"line":384,"column":72}},"105":{"start":{"line":384,"column":42},"end":{"line":384,"column":71}},"106":{"start":{"line":388,"column":6},"end":{"line":388,"column":72}},"107":{"start":{"line":392,"column":28},"end":{"line":397,"column":8}},"108":{"start":{"line":393,"column":8},"end":{"line":395,"column":9}},"109":{"start":{"line":394,"column":10},"end":{"line":394,"column":37}},"110":{"start":{"line":396,"column":8},"end":{"line":396,"column":20}},"111":{"start":{"line":398,"column":6},"end":{"line":398,"column":41}},"112":{"start":{"line":403,"column":31},"end":{"line":403,"column":58}},"113":{"start":{"line":405,"column":6},"end":{"line":405,"column":47}},"114":{"start":{"line":409,"column":29},"end":{"line":411,"column":7}},"115":{"start":{"line":410,"column":27},"end":{"line":410,"column":53}},"116":{"start":{"line":414,"column":36},"end":{"line":416,"column":7}},"117":{"start":{"line":415,"column":27},"end":{"line":415,"column":53}},"118":{"start":{"line":419,"column":6},"end":{"line":419,"column":53}},"119":{"start":{"line":422,"column":6},"end":{"line":422,"column":62}},"120":{"start":{"line":426,"column":36},"end":{"line":428,"column":7}},"121":{"start":{"line":427,"column":27},"end":{"line":427,"column":53}},"122":{"start":{"line":430,"column":6},"end":{"line":430,"column":53}},"123":{"start":{"line":434,"column":29},"end":{"line":436,"column":7}},"124":{"start":{"line":435,"column":20},"end":{"line":435,"column":39}},"125":{"start":{"line":439,"column":6},"end":{"line":439,"column":39}}},"fnMap":{"0":{"name":"(anonymous_0)","decl":{"start":{"line":160,"column":8},"end":{"line":160,"column":9}},"loc":{"start":{"line":160,"column":23},"end":{"line":441,"column":3}},"line":160},"1":{"name":"(anonymous_1)","decl":{"start":{"line":163,"column":16},"end":{"line":163,"column":17}},"loc":{"start":{"line":163,"column":29},"end":{"line":163,"column":45}},"line":163},"2":{"name":"(anonymous_2)","decl":{"start":{"line":165,"column":16},"end":{"line":165,"column":17}},"loc":{"start":{"line":165,"column":29},"end":{"line":165,"column":45}},"line":165},"3":{"name":"(anonymous_3)","decl":{"start":{"line":167,"column":13},"end":{"line":167,"column":14}},"loc":{"start":{"line":167,"column":23},"end":{"line":167,"column":36}},"line":167},"4":{"name":"(anonymous_4)","decl":{"start":{"line":169,"column":18},"end":{"line":169,"column":19}},"loc":{"start":{"line":169,"column":28},"end":{"line":169,"column":52}},"line":169},"5":{"name":"(anonymous_5)","decl":{"start":{"line":171,"column":14},"end":{"line":171,"column":15}},"loc":{"start":{"line":171,"column":27},"end":{"line":179,"column":5}},"line":171},"6":{"name":"(anonymous_6)","decl":{"start":{"line":181,"column":19},"end":{"line":181,"column":20}},"loc":{"start":{"line":181,"column":35},"end":{"line":181,"column":54}},"line":181},"7":{"name":"(anonymous_7)","decl":{"start":{"line":183,"column":18},"end":{"line":183,"column":19}},"loc":{"start":{"line":184,"column":6},"end":{"line":184,"column":62}},"line":184},"8":{"name":"(anonymous_8)","decl":{"start":{"line":186,"column":19},"end":{"line":186,"column":20}},"loc":{"start":{"line":186,"column":37},"end":{"line":194,"column":5}},"line":186},"9":{"name":"(anonymous_9)","decl":{"start":{"line":187,"column":49},"end":{"line":187,"column":50}},"loc":{"start":{"line":187,"column":64},"end":{"line":192,"column":7}},"line":187},"10":{"name":"(anonymous_10)","decl":{"start":{"line":196,"column":21},"end":{"line":196,"column":22}},"loc":{"start":{"line":196,"column":27},"end":{"line":196,"column":50}},"line":196},"11":{"name":"(anonymous_11)","decl":{"start":{"line":200,"column":18},"end":{"line":200,"column":19}},"loc":{"start":{"line":201,"column":6},"end":{"line":201,"column":72}},"line":201},"12":{"name":"(anonymous_12)","decl":{"start":{"line":201,"column":10},"end":{"line":201,"column":11}},"loc":{"start":{"line":201,"column":22},"end":{"line":201,"column":70}},"line":201},"13":{"name":"(anonymous_13)","decl":{"start":{"line":203,"column":20},"end":{"line":203,"column":21}},"loc":{"start":{"line":203,"column":26},"end":{"line":203,"column":48}},"line":203},"14":{"name":"(anonymous_14)","decl":{"start":{"line":205,"column":29},"end":{"line":205,"column":30}},"loc":{"start":{"line":206,"column":6},"end":{"line":208,"column":9}},"line":206},"15":{"name":"(anonymous_15)","decl":{"start":{"line":206,"column":10},"end":{"line":206,"column":11}},"loc":{"start":{"line":206,"column":22},"end":{"line":208,"column":7}},"line":206},"16":{"name":"(anonymous_16)","decl":{"start":{"line":210,"column":31},"end":{"line":210,"column":32}},"loc":{"start":{"line":210,"column":37},"end":{"line":210,"column":70}},"line":210},"17":{"name":"(anonymous_17)","decl":{"start":{"line":212,"column":25},"end":{"line":212,"column":26}},"loc":{"start":{"line":212,"column":39},"end":{"line":212,"column":74}},"line":212},"18":{"name":"(anonymous_18)","decl":{"start":{"line":214,"column":27},"end":{"line":214,"column":28}},"loc":{"start":{"line":214,"column":33},"end":{"line":214,"column":64}},"line":214},"19":{"name":"(anonymous_19)","decl":{"start":{"line":216,"column":32},"end":{"line":216,"column":33}},"loc":{"start":{"line":216,"column":56},"end":{"line":230,"column":5}},"line":216},"20":{"name":"(anonymous_20)","decl":{"start":{"line":218,"column":53},"end":{"line":218,"column":54}},"loc":{"start":{"line":218,"column":63},"end":{"line":226,"column":7}},"line":218},"21":{"name":"(anonymous_21)","decl":{"start":{"line":234,"column":16},"end":{"line":234,"column":17}},"loc":{"start":{"line":234,"column":29},"end":{"line":234,"column":45}},"line":234},"22":{"name":"(anonymous_22)","decl":{"start":{"line":236,"column":18},"end":{"line":236,"column":19}},"loc":{"start":{"line":236,"column":24},"end":{"line":236,"column":44}},"line":236},"23":{"name":"(anonymous_23)","decl":{"start":{"line":238,"column":15},"end":{"line":238,"column":16}},"loc":{"start":{"line":238,"column":27},"end":{"line":241,"column":5}},"line":238},"24":{"name":"(anonymous_24)","decl":{"start":{"line":243,"column":18},"end":{"line":243,"column":19}},"loc":{"start":{"line":243,"column":32},"end":{"line":249,"column":5}},"line":243},"25":{"name":"(anonymous_25)","decl":{"start":{"line":245,"column":8},"end":{"line":245,"column":9}},"loc":{"start":{"line":245,"column":20},"end":{"line":245,"column":42}},"line":245},"26":{"name":"(anonymous_26)","decl":{"start":{"line":251,"column":16},"end":{"line":251,"column":17}},"loc":{"start":{"line":251,"column":43},"end":{"line":262,"column":5}},"line":251},"27":{"name":"(anonymous_27)","decl":{"start":{"line":252,"column":47},"end":{"line":252,"column":48}},"loc":{"start":{"line":252,"column":59},"end":{"line":259,"column":7}},"line":252},"28":{"name":"(anonymous_28)","decl":{"start":{"line":264,"column":23},"end":{"line":264,"column":24}},"loc":{"start":{"line":264,"column":35},"end":{"line":264,"column":66}},"line":264},"29":{"name":"(anonymous_29)","decl":{"start":{"line":266,"column":25},"end":{"line":266,"column":26}},"loc":{"start":{"line":266,"column":31},"end":{"line":266,"column":60}},"line":266},"30":{"name":"(anonymous_30)","decl":{"start":{"line":268,"column":23},"end":{"line":268,"column":24}},"loc":{"start":{"line":268,"column":45},"end":{"line":291,"column":5}},"line":268},"31":{"name":"(anonymous_31)","decl":{"start":{"line":271,"column":22},"end":{"line":271,"column":23}},"loc":{"start":{"line":271,"column":32},"end":{"line":271,"column":50}},"line":271},"32":{"name":"(anonymous_32)","decl":{"start":{"line":272,"column":28},"end":{"line":272,"column":29}},"loc":{"start":{"line":272,"column":38},"end":{"line":272,"column":58}},"line":272},"33":{"name":"(anonymous_33)","decl":{"start":{"line":275,"column":47},"end":{"line":275,"column":48}},"loc":{"start":{"line":275,"column":59},"end":{"line":289,"column":7}},"line":275},"34":{"name":"(anonymous_34)","decl":{"start":{"line":279,"column":12},"end":{"line":279,"column":13}},"loc":{"start":{"line":279,"column":22},"end":{"line":279,"column":41}},"line":279},"35":{"name":"(anonymous_35)","decl":{"start":{"line":293,"column":23},"end":{"line":293,"column":24}},"loc":{"start":{"line":293,"column":45},"end":{"line":305,"column":5}},"line":293},"36":{"name":"(anonymous_36)","decl":{"start":{"line":294,"column":47},"end":{"line":294,"column":48}},"loc":{"start":{"line":294,"column":59},"end":{"line":303,"column":7}},"line":294},"37":{"name":"(anonymous_37)","decl":{"start":{"line":298,"column":12},"end":{"line":298,"column":13}},"loc":{"start":{"line":298,"column":22},"end":{"line":298,"column":41}},"line":298},"38":{"name":"(anonymous_38)","decl":{"start":{"line":307,"column":18},"end":{"line":307,"column":19}},"loc":{"start":{"line":307,"column":40},"end":{"line":320,"column":5}},"line":307},"39":{"name":"(anonymous_39)","decl":{"start":{"line":308,"column":47},"end":{"line":308,"column":48}},"loc":{"start":{"line":308,"column":59},"end":{"line":318,"column":7}},"line":308},"40":{"name":"(anonymous_40)","decl":{"start":{"line":312,"column":12},"end":{"line":312,"column":13}},"loc":{"start":{"line":312,"column":22},"end":{"line":312,"column":41}},"line":312},"41":{"name":"(anonymous_41)","decl":{"start":{"line":324,"column":20},"end":{"line":324,"column":21}},"loc":{"start":{"line":324,"column":37},"end":{"line":324,"column":57}},"line":324},"42":{"name":"(anonymous_42)","decl":{"start":{"line":326,"column":22},"end":{"line":326,"column":23}},"loc":{"start":{"line":326,"column":28},"end":{"line":326,"column":52}},"line":326},"43":{"name":"(anonymous_43)","decl":{"start":{"line":328,"column":19},"end":{"line":328,"column":20}},"loc":{"start":{"line":328,"column":35},"end":{"line":331,"column":5}},"line":328},"44":{"name":"(anonymous_44)","decl":{"start":{"line":333,"column":22},"end":{"line":333,"column":23}},"loc":{"start":{"line":333,"column":40},"end":{"line":339,"column":5}},"line":333},"45":{"name":"(anonymous_45)","decl":{"start":{"line":335,"column":8},"end":{"line":335,"column":9}},"loc":{"start":{"line":335,"column":24},"end":{"line":335,"column":54}},"line":335},"46":{"name":"(anonymous_46)","decl":{"start":{"line":341,"column":27},"end":{"line":341,"column":28}},"loc":{"start":{"line":342,"column":6},"end":{"line":342,"column":45}},"line":342},"47":{"name":"(anonymous_47)","decl":{"start":{"line":344,"column":29},"end":{"line":344,"column":30}},"loc":{"start":{"line":344,"column":35},"end":{"line":344,"column":68}},"line":344},"48":{"name":"(anonymous_48)","decl":{"start":{"line":348,"column":17},"end":{"line":348,"column":18}},"loc":{"start":{"line":348,"column":31},"end":{"line":348,"column":58}},"line":348},"49":{"name":"(anonymous_49)","decl":{"start":{"line":350,"column":19},"end":{"line":350,"column":20}},"loc":{"start":{"line":350,"column":25},"end":{"line":350,"column":48}},"line":350},"50":{"name":"(anonymous_50)","decl":{"start":{"line":354,"column":20},"end":{"line":354,"column":21}},"loc":{"start":{"line":354,"column":31},"end":{"line":354,"column":58}},"line":354},"51":{"name":"(anonymous_51)","decl":{"start":{"line":355,"column":19},"end":{"line":355,"column":20}},"loc":{"start":{"line":355,"column":29},"end":{"line":355,"column":54}},"line":355},"52":{"name":"(anonymous_52)","decl":{"start":{"line":356,"column":20},"end":{"line":356,"column":21}},"loc":{"start":{"line":356,"column":31},"end":{"line":356,"column":58}},"line":356},"53":{"name":"(anonymous_53)","decl":{"start":{"line":358,"column":20},"end":{"line":358,"column":21}},"loc":{"start":{"line":358,"column":26},"end":{"line":360,"column":5}},"line":358},"54":{"name":"(anonymous_54)","decl":{"start":{"line":361,"column":19},"end":{"line":361,"column":20}},"loc":{"start":{"line":361,"column":25},"end":{"line":363,"column":5}},"line":361},"55":{"name":"(anonymous_55)","decl":{"start":{"line":364,"column":20},"end":{"line":364,"column":21}},"loc":{"start":{"line":364,"column":26},"end":{"line":366,"column":5}},"line":364},"56":{"name":"(anonymous_56)","decl":{"start":{"line":370,"column":17},"end":{"line":370,"column":18}},"loc":{"start":{"line":370,"column":31},"end":{"line":370,"column":48}},"line":370},"57":{"name":"(anonymous_57)","decl":{"start":{"line":372,"column":19},"end":{"line":372,"column":20}},"loc":{"start":{"line":372,"column":25},"end":{"line":372,"column":46}},"line":372},"58":{"name":"(anonymous_58)","decl":{"start":{"line":374,"column":16},"end":{"line":374,"column":17}},"loc":{"start":{"line":374,"column":29},"end":{"line":374,"column":76}},"line":374},"59":{"name":"(anonymous_59)","decl":{"start":{"line":376,"column":16},"end":{"line":376,"column":17}},"loc":{"start":{"line":376,"column":29},"end":{"line":376,"column":45}},"line":376},"60":{"name":"(anonymous_60)","decl":{"start":{"line":378,"column":17},"end":{"line":378,"column":18}},"loc":{"start":{"line":378,"column":31},"end":{"line":378,"column":48}},"line":378},"61":{"name":"(anonymous_61)","decl":{"start":{"line":380,"column":19},"end":{"line":380,"column":20}},"loc":{"start":{"line":380,"column":38},"end":{"line":389,"column":5}},"line":380},"62":{"name":"(anonymous_62)","decl":{"start":{"line":383,"column":8},"end":{"line":383,"column":9}},"loc":{"start":{"line":384,"column":10},"end":{"line":384,"column":72}},"line":384},"63":{"name":"(anonymous_63)","decl":{"start":{"line":384,"column":33},"end":{"line":384,"column":34}},"loc":{"start":{"line":384,"column":42},"end":{"line":384,"column":71}},"line":384},"64":{"name":"(anonymous_64)","decl":{"start":{"line":391,"column":18},"end":{"line":391,"column":19}},"loc":{"start":{"line":391,"column":41},"end":{"line":399,"column":5}},"line":391},"65":{"name":"(anonymous_65)","decl":{"start":{"line":392,"column":49},"end":{"line":392,"column":50}},"loc":{"start":{"line":392,"column":59},"end":{"line":397,"column":7}},"line":392},"66":{"name":"(anonymous_66)","decl":{"start":{"line":403,"column":16},"end":{"line":403,"column":17}},"loc":{"start":{"line":403,"column":31},"end":{"line":403,"column":58}},"line":403},"67":{"name":"(anonymous_67)","decl":{"start":{"line":404,"column":23},"end":{"line":404,"column":24}},"loc":{"start":{"line":405,"column":6},"end":{"line":405,"column":47}},"line":405},"68":{"name":"(anonymous_68)","decl":{"start":{"line":407,"column":25},"end":{"line":407,"column":26}},"loc":{"start":{"line":407,"column":37},"end":{"line":423,"column":5}},"line":407},"69":{"name":"(anonymous_69)","decl":{"start":{"line":410,"column":8},"end":{"line":410,"column":9}},"loc":{"start":{"line":410,"column":27},"end":{"line":410,"column":53}},"line":410},"70":{"name":"(anonymous_70)","decl":{"start":{"line":415,"column":8},"end":{"line":415,"column":9}},"loc":{"start":{"line":415,"column":27},"end":{"line":415,"column":53}},"line":415},"71":{"name":"(anonymous_71)","decl":{"start":{"line":425,"column":25},"end":{"line":425,"column":26}},"loc":{"start":{"line":425,"column":37},"end":{"line":431,"column":5}},"line":425},"72":{"name":"(anonymous_72)","decl":{"start":{"line":427,"column":8},"end":{"line":427,"column":9}},"loc":{"start":{"line":427,"column":27},"end":{"line":427,"column":53}},"line":427},"73":{"name":"(anonymous_73)","decl":{"start":{"line":433,"column":18},"end":{"line":433,"column":19}},"loc":{"start":{"line":433,"column":30},"end":{"line":440,"column":5}},"line":433},"74":{"name":"(anonymous_74)","decl":{"start":{"line":435,"column":8},"end":{"line":435,"column":9}},"loc":{"start":{"line":435,"column":20},"end":{"line":435,"column":39}},"line":435}},"branchMap":{"0":{"loc":{"start":{"line":174,"column":8},"end":{"line":176,"column":9}},"type":"if","locations":[{"start":{"line":174,"column":8},"end":{"line":176,"column":9}},{"start":{},"end":{}}],"line":174},"1":{"loc":{"start":{"line":188,"column":8},"end":{"line":190,"column":9}},"type":"if","locations":[{"start":{"line":188,"column":8},"end":{"line":190,"column":9}},{"start":{},"end":{}}],"line":188},"2":{"loc":{"start":{"line":219,"column":8},"end":{"line":224,"column":9}},"type":"if","locations":[{"start":{"line":219,"column":8},"end":{"line":224,"column":9}},{"start":{},"end":{}}],"line":219},"3":{"loc":{"start":{"line":253,"column":8},"end":{"line":257,"column":9}},"type":"if","locations":[{"start":{"line":253,"column":8},"end":{"line":257,"column":9}},{"start":{},"end":{}}],"line":253},"4":{"loc":{"start":{"line":276,"column":8},"end":{"line":287,"column":9}},"type":"if","locations":[{"start":{"line":276,"column":8},"end":{"line":287,"column":9}},{"start":{},"end":{}}],"line":276},"5":{"loc":{"start":{"line":282,"column":10},"end":{"line":285,"column":11}},"type":"if","locations":[{"start":{"line":282,"column":10},"end":{"line":285,"column":11}},{"start":{},"end":{}}],"line":282},"6":{"loc":{"start":{"line":295,"column":8},"end":{"line":301,"column":9}},"type":"if","locations":[{"start":{"line":295,"column":8},"end":{"line":301,"column":9}},{"start":{},"end":{}}],"line":295},"7":{"loc":{"start":{"line":309,"column":8},"end":{"line":316,"column":9}},"type":"if","locations":[{"start":{"line":309,"column":8},"end":{"line":316,"column":9}},{"start":{},"end":{}}],"line":309},"8":{"loc":{"start":{"line":393,"column":8},"end":{"line":395,"column":9}},"type":"if","locations":[{"start":{"line":393,"column":8},"end":{"line":395,"column":9}},{"start":{},"end":{}}],"line":393}},"s":{"0":1,"1":1,"2":1,"3":0,"4":8,"5":0,"6":0,"7":0,"8":0,"9":0,"10":0,"11":0,"12":0,"13":0,"14":0,"15":0,"16":0,"17":0,"18":0,"19":0,"20":0,"21":0,"22":2,"23":0,"24":0,"25":2,"26":0,"27":0,"28":0,"29":0,"30":0,"31":0,"32":0,"33":0,"34":0,"35":0,"36":0,"37":0,"38":0,"39":0,"40":0,"41":0,"42":0,"43":0,"44":0,"45":0,"46":0,"47":0,"48":0,"49":0,"50":0,"51":0,"52":0,"53":0,"54":0,"55":0,"56":0,"57":0,"58":0,"59":0,"60":0,"61":0,"62":0,"63":0,"64":0,"65":0,"66":0,"67":0,"68":0,"69":0,"70":0,"71":0,"72":0,"73":0,"74":0,"75":0,"76":0,"77":0,"78":0,"79":0,"80":0,"81":0,"82":0,"83":0,"84":0,"85":0,"86":0,"87":0,"88":0,"89":0,"90":0,"91":0,"92":0,"93":0,"94":0,"95":0,"96":0,"97":0,"98":0,"99":0,"100":0,"101":0,"102":0,"103":0,"104":0,"105":0,"106":0,"107":0,"108":0,"109":0,"110":0,"111":0,"112":0,"113":0,"114":0,"115":0,"116":0,"117":0,"118":0,"119":0,"120":0,"121":0,"122":0,"123":0,"124":0,"125":0},"f":{"0":1,"1":0,"2":8,"3":0,"4":0,"5":0,"6":0,"7":0,"8":0,"9":0,"10":0,"11":0,"12":0,"13":2,"14":0,"15":0,"16":2,"17":0,"18":0,"19":0,"20":0,"21":0,"22":0,"23":0,"24":0,"25":0,"26":0,"27":0,"28":0,"29":0,"30":0,"31":0,"32":0,"33":0,"34":0,"35":0,"36":0,"37":0,"38":0,"39":0,"40":0,"41":0,"42":0,"43":0,"44":0,"45":0,"46":0,"47":0,"48":0,"49":0,"50":0,"51":0,"52":0,"53":0,"54":0,"55":0,"56":0,"57":0,"58":0,"59":0,"60":0,"61":0,"62":0,"63":0,"64":0,"65":0,"66":0,"67":0,"68":0,"69":0,"70":0,"71":0,"72":0,"73":0,"74":0},"b":{"0":[0,0],"1":[0,0],"2":[0,0],"3":[0,0],"4":[0,0],"5":[0,0],"6":[0,0],"7":[0,0],"8":[0,0]},"_coverageSchema":"1a1c01bbd47fc00a2c39e90264f33305004495a9","hash":"abc8c22022dc62428a4f4499043f94d48e2d72b9"}
,"C:\\Users\\joeza\\OneDrive\\Documents\\OOSE\\project-team-01\\src\\lib\\supabase.ts": {"path":"C:\\Users\\joeza\\OneDrive\\Documents\\OOSE\\project-team-01\\src\\lib\\supabase.ts","statementMap":{"0":{"start":{"line":5,"column":20},"end":{"line":5,"column":62}},"1":{"start":{"line":6,"column":24},"end":{"line":6,"column":234}},"2":{"start":{"line":8,"column":0},"end":{"line":10,"column":1}},"3":{"start":{"line":9,"column":2},"end":{"line":9,"column":50}},"4":{"start":{"line":12,"column":24},"end":{"line":19,"column":2}}},"fnMap":{},"branchMap":{"0":{"loc":{"start":{"line":8,"column":0},"end":{"line":10,"column":1}},"type":"if","locations":[{"start":{"line":8,"column":0},"end":{"line":10,"column":1}},{"start":{},"end":{}}],"line":8}},"s":{"0":1,"1":1,"2":1,"3":0,"4":1},"f":{},"b":{"0":[0,1]},"_coverageSchema":"1a1c01bbd47fc00a2c39e90264f33305004495a9","hash":"7f3fd1d5b13ec0dc95fdb4f769f8cad13e2cc7a6"}
,"C:\\Users\\joeza\\OneDrive\\Documents\\OOSE\\project-team-01\\src\\lib\\types.tsx": {"path":"C:\\Users\\joeza\\OneDrive\\Documents\\OOSE\\project-team-01\\src\\lib\\types.tsx","statementMap":{"0":{"start":{"line":48,"column":2},"end":{"line":57,"column":3}},"1":{"start":{"line":50,"column":6},"end":{"line":50,"column":24}},"2":{"start":{"line":52,"column":6},"end":{"line":52,"column":28}},"3":{"start":{"line":54,"column":6},"end":{"line":54,"column":24}},"4":{"start":{"line":56,"column":6},"end":{"line":56,"column":23}},"5":{"start":{"line":61,"column":2},"end":{"line":70,"column":3}},"6":{"start":{"line":63,"column":6},"end":{"line":63,"column":43}},"7":{"start":{"line":65,"column":6},"end":{"line":65,"column":45}},"8":{"start":{"line":67,"column":6},"end":{"line":67,"column":47}},"9":{"start":{"line":69,"column":6},"end":{"line":69,"column":41}},"10":{"start":{"line":119,"column":22},"end":{"line":145,"column":1}}},"fnMap":{"0":{"name":"getSkillLevelString","decl":{"start":{"line":47,"column":16},"end":{"line":47,"column":35}},"loc":{"start":{"line":47,"column":68},"end":{"line":58,"column":1}},"line":47},"1":{"name":"getSkillLevelColors","decl":{"start":{"line":60,"column":16},"end":{"line":60,"column":35}},"loc":{"start":{"line":60,"column":60},"end":{"line":71,"column":1}},"line":60}},"branchMap":{"0":{"loc":{"start":{"line":48,"column":2},"end":{"line":57,"column":3}},"type":"switch","locations":[{"start":{"line":49,"column":4},"end":{"line":50,"column":24}},{"start":{"line":51,"column":4},"end":{"line":52,"column":28}},{"start":{"line":53,"column":4},"end":{"line":54,"column":24}},{"start":{"line":55,"column":4},"end":{"line":56,"column":23}}],"line":48},"1":{"loc":{"start":{"line":61,"column":2},"end":{"line":70,"column":3}},"type":"switch","locations":[{"start":{"line":62,"column":4},"end":{"line":63,"column":43}},{"start":{"line":64,"column":4},"end":{"line":65,"column":45}},{"start":{"line":66,"column":4},"end":{"line":67,"column":47}},{"start":{"line":68,"column":4},"end":{"line":69,"column":41}}],"line":61}},"s":{"0":0,"1":0,"2":0,"3":0,"4":0,"5":0,"6":0,"7":0,"8":0,"9":0,"10":1},"f":{"0":0,"1":0},"b":{"0":[0,0,0,0],"1":[0,0,0,0]},"_coverageSchema":"1a1c01bbd47fc00a2c39e90264f33305004495a9","hash":"8a53b598135881a8034e14d1c31c8a0c7de94553"}
}
