TN:
SF:tamagui.config.ts
FNF:0
FNH:0
DA:4,1
LF:1
LH:1
BRF:0
BRH:0
end_of_record
TN:
SF:src\components\Feed.tsx
FN:9,(anonymous_0)
FN:18,(anonymous_1)
FN:40,(anonymous_2)
FN:41,(anonymous_3)
FN:51,(anonymous_4)
FN:64,(anonymous_5)
FN:77,(anonymous_6)
FN:88,(anonymous_7)
FN:131,(anonymous_8)
FN:141,(anonymous_9)
FN:152,(anonymous_10)
FN:160,(anonymous_11)
FN:161,(anonymous_12)
FN:173,(anonymous_13)
FNF:14
FNH:6
FNDA:22,(anonymous_0)
FNDA:32,(anonymous_1)
FNDA:2,(anonymous_2)
FNDA:2,(anonymous_3)
FNDA:2,(anonymous_4)
FNDA:2,(anonymous_5)
FNDA:0,(anonymous_6)
FNDA:0,(anonymous_7)
FNDA:0,(anonymous_8)
FNDA:0,(anonymous_9)
FNDA:0,(anonymous_10)
FNDA:0,(anonymous_11)
FNDA:0,(anonymous_12)
FNDA:0,(anonymous_13)
DA:9,1
DA:10,22
DA:18,32
DA:26,22
DA:27,22
DA:28,22
DA:30,22
DA:31,22
DA:34,22
DA:36,22
DA:40,22
DA:41,2
DA:42,2
DA:43,2
DA:44,2
DA:45,2
DA:47,2
DA:51,22
DA:52,2
DA:53,2
DA:54,2
DA:55,2
DA:56,0
DA:57,0
DA:59,2
DA:64,22
DA:65,2
DA:66,2
DA:67,2
DA:68,2
DA:69,0
DA:70,0
DA:72,2
DA:77,22
DA:78,0
DA:79,0
DA:80,0
DA:81,0
DA:82,0
DA:84,0
DA:88,22
DA:90,0
DA:91,0
DA:92,0
DA:93,0
DA:94,0
DA:96,0
DA:97,0
DA:98,0
DA:101,0
DA:102,0
DA:103,0
DA:104,0
DA:105,0
DA:107,0
DA:108,0
DA:109,0
DA:115,22
DA:132,0
DA:142,0
DA:153,0
DA:160,0
DA:161,0
DA:174,0
LF:64
LH:32
BRDA:55,0,0,0
BRDA:55,0,1,2
BRDA:68,1,0,0
BRDA:68,1,1,2
BRDA:79,2,0,0
BRDA:79,2,1,0
BRDA:81,3,0,0
BRDA:81,3,1,0
BRDA:90,4,0,0
BRDA:90,4,1,0
BRDA:91,5,0,0
BRDA:91,5,1,0
BRDA:91,6,0,0
BRDA:91,6,1,0
BRDA:97,7,0,0
BRDA:97,7,1,0
BRDA:97,8,0,0
BRDA:97,8,1,0
BRDA:101,9,0,0
BRDA:101,9,1,0
BRDA:102,10,0,0
BRDA:102,10,1,0
BRDA:102,11,0,0
BRDA:102,11,1,0
BRDA:108,12,0,0
BRDA:108,12,1,0
BRDA:108,13,0,0
BRDA:108,13,1,0
BRDA:117,14,0,0
BRDA:117,14,1,22
BRDA:117,15,0,22
BRDA:117,15,1,0
BRDA:118,16,0,0
BRDA:118,16,1,0
BRDA:149,17,0,0
BRDA:149,17,1,0
BRDA:149,18,0,0
BRDA:149,18,1,0
BRDA:149,18,2,0
BRDA:149,18,3,0
BRDA:151,19,0,0
BRDA:151,19,1,0
BRDA:174,20,0,0
BRDA:174,20,1,0
BRDA:181,21,0,0
BRDA:181,21,1,0
BRDA:182,22,0,0
BRDA:182,22,1,0
BRF:48
BRH:4
end_of_record
TN:
SF:src\components\FeedFilter.tsx
FN:19,(anonymous_0)
FN:28,(anonymous_1)
FN:45,(anonymous_2)
FN:52,(anonymous_3)
FN:104,(anonymous_4)
FN:119,(anonymous_5)
FN:159,(anonymous_6)
FN:160,(anonymous_7)
FNF:8
FNH:0
FNDA:0,(anonymous_0)
FNDA:0,(anonymous_1)
FNDA:0,(anonymous_2)
FNDA:0,(anonymous_3)
FNDA:0,(anonymous_4)
FNDA:0,(anonymous_5)
FNDA:0,(anonymous_6)
FNDA:0,(anonymous_7)
DA:19,1
DA:28,0
DA:38,0
DA:39,0
DA:40,0
DA:41,0
DA:45,0
DA:46,0
DA:47,0
DA:48,0
DA:49,0
DA:52,0
DA:54,0
DA:55,0
DA:56,0
DA:57,0
DA:58,0
DA:61,0
DA:104,0
DA:119,0
DA:160,0
DA:161,0
LF:22
LH:1
BRDA:41,0,0,0
BRDA:41,0,1,0
BRDA:47,1,0,0
BRDA:47,1,1,0
BRDA:48,2,0,0
BRDA:48,2,1,0
BRDA:57,3,0,0
BRDA:57,3,1,0
BRDA:58,4,0,0
BRDA:58,4,1,0
BRDA:65,5,0,0
BRDA:65,5,1,0
BRDA:188,6,0,0
BRDA:188,6,1,0
BRF:14
BRH:0
end_of_record
TN:
SF:src\components\SportSkill.tsx
FN:4,SportSkill
FNF:1
FNH:0
FNDA:0,SportSkill
DA:5,0
DA:7,0
LF:2
LH:0
BRF:0
BRH:0
end_of_record
TN:
SF:src\components\game\GameThumbnail.tsx
FN:19,GameThumbnail
FN:34,(anonymous_1)
FN:66,(anonymous_2)
FN:79,(anonymous_3)
FN:89,downloadImage
FN:97,(anonymous_5)
FN:129,(anonymous_6)
FNF:7
FNH:0
FNDA:0,GameThumbnail
FNDA:0,(anonymous_1)
FNDA:0,(anonymous_2)
FNDA:0,(anonymous_3)
FNDA:0,downloadImage
FNDA:0,(anonymous_5)
FNDA:0,(anonymous_6)
DA:34,0
DA:41,0
DA:42,0
DA:43,0
DA:44,0
DA:49,0
DA:54,0
DA:55,0
DA:56,0
DA:57,0
DA:58,0
DA:62,0
DA:66,0
DA:67,0
DA:68,0
DA:69,0
DA:72,0
DA:73,0
DA:74,0
DA:79,0
DA:80,0
DA:81,0
DA:82,0
DA:84,0
DA:90,0
DA:93,0
DA:95,0
DA:96,0
DA:97,0
DA:98,0
DA:102,0
DA:130,0
DA:131,0
DA:132,0
DA:133,0
DA:134,0
DA:135,0
DA:136,0
DA:137,0
DA:138,0
DA:139,0
LF:41
LH:0
BRDA:57,0,0,0
BRDA:57,0,1,0
BRDA:62,1,0,0
BRDA:62,1,1,0
BRDA:67,2,0,0
BRDA:67,2,1,0
BRDA:68,3,0,0
BRDA:68,3,1,0
BRDA:69,4,0,0
BRDA:69,4,1,0
BRDA:72,5,0,0
BRDA:72,5,1,0
BRDA:74,6,0,0
BRDA:74,6,1,0
BRDA:80,7,0,0
BRDA:80,7,1,0
BRDA:93,8,0,0
BRDA:93,8,1,0
BRDA:113,9,0,0
BRDA:113,9,1,0
BRDA:113,9,2,0
BRDA:115,10,0,0
BRDA:115,10,1,0
BRDA:131,11,0,0
BRDA:131,11,1,0
BRDA:134,12,0,0
BRDA:134,12,1,0
BRDA:137,13,0,0
BRDA:137,13,1,0
BRDA:191,14,0,0
BRDA:191,14,1,0
BRF:31
BRH:0
end_of_record
TN:
SF:src\hooks\use-query-games.tsx
FN:7,useQueryGames
FN:24,(anonymous_1)
FN:44,(anonymous_2)
FN:60,(anonymous_3)
FN:102,(anonymous_4)
FN:120,(anonymous_5)
FN:162,(anonymous_6)
FN:188,(anonymous_7)
FNF:8
FNH:3
FNDA:22,useQueryGames
FNDA:38,(anonymous_1)
FNDA:0,(anonymous_2)
FNDA:0,(anonymous_3)
FNDA:0,(anonymous_4)
FNDA:0,(anonymous_5)
FNDA:4,(anonymous_6)
FNDA:0,(anonymous_7)
DA:24,38
DA:42,22
DA:44,22
DA:45,0
DA:46,0
DA:47,0
DA:50,0
DA:51,0
DA:53,0
DA:57,0
DA:59,0
DA:60,0
DA:61,0
DA:84,0
DA:86,0
DA:88,0
DA:91,0
DA:92,0
DA:94,0
DA:96,0
DA:98,0
DA:102,22
DA:103,0
DA:104,0
DA:105,0
DA:106,0
DA:109,0
DA:110,0
DA:112,0
DA:117,0
DA:119,0
DA:120,0
DA:121,0
DA:144,0
DA:146,0
DA:148,0
DA:151,0
DA:152,0
DA:154,0
DA:156,0
DA:158,0
DA:162,22
DA:163,4
DA:164,4
DA:165,4
DA:167,0
DA:168,0
DA:171,0
DA:172,0
DA:173,0
DA:175,0
DA:185,0
DA:187,0
DA:188,0
DA:189,0
DA:207,0
DA:209,0
DA:210,0
DA:211,0
DA:213,0
DA:216,4
DA:217,4
DA:219,0
DA:221,4
DA:223,4
DA:227,22
LF:66
LH:13
BRDA:47,0,0,0
BRDA:47,0,1,0
BRDA:50,1,0,0
BRDA:50,1,1,0
BRDA:51,2,0,0
BRDA:51,2,1,0
BRDA:57,3,0,0
BRDA:57,3,1,0
BRDA:59,4,0,0
BRDA:59,4,1,0
BRDA:80,5,0,0
BRDA:80,5,1,0
BRDA:81,6,0,0
BRDA:81,6,1,0
BRDA:82,7,0,0
BRDA:82,7,1,0
BRDA:91,8,0,0
BRDA:91,8,1,0
BRDA:105,9,0,0
BRDA:105,9,1,0
BRDA:109,10,0,0
BRDA:109,10,1,0
BRDA:110,11,0,0
BRDA:110,11,1,0
BRDA:117,12,0,0
BRDA:117,12,1,0
BRDA:119,13,0,0
BRDA:119,13,1,0
BRDA:140,14,0,0
BRDA:140,14,1,0
BRDA:141,15,0,0
BRDA:141,15,1,0
BRDA:151,16,0,0
BRDA:151,16,1,0
BRDA:165,17,0,4
BRDA:165,17,1,0
BRDA:168,18,0,0
BRDA:168,18,1,0
BRDA:168,19,0,0
BRDA:168,19,1,0
BRDA:176,20,0,0
BRDA:176,20,1,0
BRDA:185,21,0,0
BRDA:185,21,1,0
BRDA:187,22,0,0
BRDA:187,22,1,0
BRDA:203,23,0,0
BRDA:203,23,1,0
BRDA:209,24,0,0
BRDA:209,24,1,0
BRDA:209,25,0,0
BRDA:209,25,1,0
BRDA:210,26,0,0
BRDA:210,26,1,0
BRDA:216,27,0,4
BRDA:216,27,1,0
BRDA:221,28,0,2
BRDA:221,28,1,2
BRF:58
BRH:4
end_of_record
TN:
SF:src\hooks\use-query-users.tsx
FN:7,useQueryUsers
FN:15,(anonymous_1)
FN:24,(anonymous_2)
FN:37,(anonymous_3)
FN:60,(anonymous_4)
FN:84,(anonymous_5)
FN:93,(anonymous_6)
FN:120,(anonymous_7)
FN:129,(anonymous_8)
FN:158,(anonymous_9)
FN:175,(anonymous_10)
FNF:11
FNH:2
FNDA:22,useQueryUsers
FNDA:34,(anonymous_1)
FNDA:0,(anonymous_2)
FNDA:0,(anonymous_3)
FNDA:0,(anonymous_4)
FNDA:0,(anonymous_5)
FNDA:0,(anonymous_6)
FNDA:0,(anonymous_7)
FNDA:0,(anonymous_8)
FNDA:0,(anonymous_9)
FNDA:0,(anonymous_10)
DA:15,34
DA:24,22
DA:27,0
DA:28,0
DA:29,0
DA:30,0
DA:35,0
DA:36,0
DA:37,0
DA:38,0
DA:45,0
DA:47,0
DA:49,0
DA:52,0
DA:53,0
DA:56,0
DA:60,22
DA:61,0
DA:62,0
DA:63,0
DA:65,0
DA:68,0
DA:70,0
DA:71,0
DA:72,0
DA:73,0
DA:76,0
DA:77,0
DA:80,0
DA:84,22
DA:85,0
DA:86,0
DA:87,0
DA:89,0
DA:90,0
DA:92,0
DA:93,0
DA:94,0
DA:101,0
DA:104,0
DA:105,0
DA:107,0
DA:110,0
DA:111,0
DA:113,0
DA:116,0
DA:120,22
DA:121,0
DA:122,0
DA:123,0
DA:125,0
DA:126,0
DA:128,0
DA:129,0
DA:130,0
DA:137,0
DA:140,0
DA:141,0
DA:143,0
DA:148,0
DA:149,0
DA:151,0
DA:154,0
DA:158,22
DA:159,0
DA:160,0
DA:161,0
DA:167,0
DA:168,0
DA:169,0
DA:172,0
DA:175,22
DA:176,0
DA:177,0
DA:178,0
DA:184,0
DA:185,0
DA:186,0
DA:189,0
DA:190,0
DA:193,22
LF:81
LH:8
BRDA:29,0,0,0
BRDA:29,0,1,0
BRDA:35,1,0,0
BRDA:35,1,1,0
BRDA:36,2,0,0
BRDA:36,2,1,0
BRDA:52,3,0,0
BRDA:52,3,1,0
BRDA:63,4,0,0
BRDA:63,4,1,0
BRDA:68,5,0,0
BRDA:68,5,1,0
BRDA:70,6,0,0
BRDA:70,6,1,0
BRDA:76,7,0,0
BRDA:76,7,1,0
BRDA:87,8,0,0
BRDA:87,8,1,0
BRDA:90,9,0,0
BRDA:90,9,1,0
BRDA:92,10,0,0
BRDA:92,10,1,0
BRDA:110,11,0,0
BRDA:110,11,1,0
BRDA:123,12,0,0
BRDA:123,12,1,0
BRDA:126,13,0,0
BRDA:126,13,1,0
BRDA:128,14,0,0
BRDA:128,14,1,0
BRDA:148,15,0,0
BRDA:148,15,1,0
BRDA:160,16,0,0
BRDA:160,16,1,0
BRDA:168,17,0,0
BRDA:168,17,1,0
BRDA:177,18,0,0
BRDA:177,18,1,0
BRDA:185,19,0,0
BRDA:185,19,1,0
BRF:40
BRH:0
end_of_record
TN:
SF:src\lib\store.ts
FN:160,(anonymous_0)
FN:163,(anonymous_1)
FN:165,(anonymous_2)
FN:167,(anonymous_3)
FN:169,(anonymous_4)
FN:171,(anonymous_5)
FN:181,(anonymous_6)
FN:183,(anonymous_7)
FN:186,(anonymous_8)
FN:187,(anonymous_9)
FN:196,(anonymous_10)
FN:200,(anonymous_11)
FN:201,(anonymous_12)
FN:203,(anonymous_13)
FN:205,(anonymous_14)
FN:206,(anonymous_15)
FN:210,(anonymous_16)
FN:212,(anonymous_17)
FN:214,(anonymous_18)
FN:216,(anonymous_19)
FN:218,(anonymous_20)
FN:234,(anonymous_21)
FN:236,(anonymous_22)
FN:238,(anonymous_23)
FN:243,(anonymous_24)
FN:245,(anonymous_25)
FN:251,(anonymous_26)
FN:252,(anonymous_27)
FN:264,(anonymous_28)
FN:266,(anonymous_29)
FN:268,(anonymous_30)
FN:271,(anonymous_31)
FN:272,(anonymous_32)
FN:275,(anonymous_33)
FN:279,(anonymous_34)
FN:293,(anonymous_35)
FN:294,(anonymous_36)
FN:298,(anonymous_37)
FN:307,(anonymous_38)
FN:308,(anonymous_39)
FN:312,(anonymous_40)
FN:324,(anonymous_41)
FN:326,(anonymous_42)
FN:328,(anonymous_43)
FN:333,(anonymous_44)
FN:335,(anonymous_45)
FN:341,(anonymous_46)
FN:344,(anonymous_47)
FN:348,(anonymous_48)
FN:350,(anonymous_49)
FN:354,(anonymous_50)
FN:355,(anonymous_51)
FN:356,(anonymous_52)
FN:358,(anonymous_53)
FN:361,(anonymous_54)
FN:364,(anonymous_55)
FN:370,(anonymous_56)
FN:372,(anonymous_57)
FN:374,(anonymous_58)
FN:376,(anonymous_59)
FN:378,(anonymous_60)
FN:380,(anonymous_61)
FN:383,(anonymous_62)
FN:384,(anonymous_63)
FN:391,(anonymous_64)
FN:392,(anonymous_65)
FN:403,(anonymous_66)
FN:404,(anonymous_67)
FN:407,(anonymous_68)
FN:410,(anonymous_69)
FN:415,(anonymous_70)
FN:425,(anonymous_71)
FN:427,(anonymous_72)
FN:433,(anonymous_73)
FN:435,(anonymous_74)
FNF:75
FNH:4
FNDA:1,(anonymous_0)
FNDA:0,(anonymous_1)
FNDA:8,(anonymous_2)
FNDA:0,(anonymous_3)
FNDA:0,(anonymous_4)
FNDA:0,(anonymous_5)
FNDA:0,(anonymous_6)
FNDA:0,(anonymous_7)
FNDA:0,(anonymous_8)
FNDA:0,(anonymous_9)
FNDA:0,(anonymous_10)
FNDA:0,(anonymous_11)
FNDA:0,(anonymous_12)
FNDA:2,(anonymous_13)
FNDA:0,(anonymous_14)
FNDA:0,(anonymous_15)
FNDA:2,(anonymous_16)
FNDA:0,(anonymous_17)
FNDA:0,(anonymous_18)
FNDA:0,(anonymous_19)
FNDA:0,(anonymous_20)
FNDA:0,(anonymous_21)
FNDA:0,(anonymous_22)
FNDA:0,(anonymous_23)
FNDA:0,(anonymous_24)
FNDA:0,(anonymous_25)
FNDA:0,(anonymous_26)
FNDA:0,(anonymous_27)
FNDA:0,(anonymous_28)
FNDA:0,(anonymous_29)
FNDA:0,(anonymous_30)
FNDA:0,(anonymous_31)
FNDA:0,(anonymous_32)
FNDA:0,(anonymous_33)
FNDA:0,(anonymous_34)
FNDA:0,(anonymous_35)
FNDA:0,(anonymous_36)
FNDA:0,(anonymous_37)
FNDA:0,(anonymous_38)
FNDA:0,(anonymous_39)
FNDA:0,(anonymous_40)
FNDA:0,(anonymous_41)
FNDA:0,(anonymous_42)
FNDA:0,(anonymous_43)
FNDA:0,(anonymous_44)
FNDA:0,(anonymous_45)
FNDA:0,(anonymous_46)
FNDA:0,(anonymous_47)
FNDA:0,(anonymous_48)
FNDA:0,(anonymous_49)
FNDA:0,(anonymous_50)
FNDA:0,(anonymous_51)
FNDA:0,(anonymous_52)
FNDA:0,(anonymous_53)
FNDA:0,(anonymous_54)
FNDA:0,(anonymous_55)
FNDA:0,(anonymous_56)
FNDA:0,(anonymous_57)
FNDA:0,(anonymous_58)
FNDA:0,(anonymous_59)
FNDA:0,(anonymous_60)
FNDA:0,(anonymous_61)
FNDA:0,(anonymous_62)
FNDA:0,(anonymous_63)
FNDA:0,(anonymous_64)
FNDA:0,(anonymous_65)
FNDA:0,(anonymous_66)
FNDA:0,(anonymous_67)
FNDA:0,(anonymous_68)
FNDA:0,(anonymous_69)
FNDA:0,(anonymous_70)
FNDA:0,(anonymous_71)
FNDA:0,(anonymous_72)
FNDA:0,(anonymous_73)
FNDA:0,(anonymous_74)
DA:134,1
DA:159,1
DA:160,1
DA:163,0
DA:165,8
DA:167,0
DA:169,0
DA:172,0
DA:173,0
DA:174,0
DA:175,0
DA:178,0
DA:181,0
DA:184,0
DA:187,0
DA:188,0
DA:189,0
DA:191,0
DA:193,0
DA:196,0
DA:201,0
DA:203,2
DA:206,0
DA:210,2
DA:212,0
DA:214,0
DA:218,0
DA:219,0
DA:220,0
DA:225,0
DA:227,0
DA:229,0
DA:234,0
DA:236,0
DA:239,0
DA:240,0
DA:244,0
DA:245,0
DA:247,0
DA:248,0
DA:252,0
DA:253,0
DA:254,0
DA:255,0
DA:256,0
DA:258,0
DA:260,0
DA:261,0
DA:264,0
DA:266,0
DA:270,0
DA:271,0
DA:272,0
DA:275,0
DA:276,0
DA:278,0
DA:279,0
DA:282,0
DA:283,0
DA:284,0
DA:286,0
DA:288,0
DA:290,0
DA:294,0
DA:295,0
DA:297,0
DA:298,0
DA:300,0
DA:302,0
DA:304,0
DA:308,0
DA:309,0
DA:311,0
DA:312,0
DA:314,0
DA:315,0
DA:317,0
DA:319,0
DA:324,0
DA:326,0
DA:329,0
DA:330,0
DA:334,0
DA:335,0
DA:337,0
DA:338,0
DA:342,0
DA:344,0
DA:348,0
DA:350,0
DA:354,0
DA:355,0
DA:356,0
DA:359,0
DA:362,0
DA:365,0
DA:370,0
DA:372,0
DA:374,0
DA:376,0
DA:378,0
DA:382,0
DA:384,0
DA:388,0
DA:392,0
DA:393,0
DA:394,0
DA:396,0
DA:398,0
DA:403,0
DA:405,0
DA:409,0
DA:410,0
DA:414,0
DA:415,0
DA:419,0
DA:422,0
DA:426,0
DA:427,0
DA:430,0
DA:434,0
DA:435,0
DA:439,0
LF:123
LH:6
BRDA:174,0,0,0
BRDA:174,0,1,0
BRDA:188,1,0,0
BRDA:188,1,1,0
BRDA:219,2,0,0
BRDA:219,2,1,0
BRDA:253,3,0,0
BRDA:253,3,1,0
BRDA:276,4,0,0
BRDA:276,4,1,0
BRDA:282,5,0,0
BRDA:282,5,1,0
BRDA:295,6,0,0
BRDA:295,6,1,0
BRDA:309,7,0,0
BRDA:309,7,1,0
BRDA:393,8,0,0
BRDA:393,8,1,0
BRF:18
BRH:0
end_of_record
TN:
SF:src\lib\supabase.ts
FNF:0
FNH:0
DA:5,1
DA:6,1
DA:8,1
DA:9,0
DA:12,1
LF:5
LH:4
BRDA:8,0,0,0
BRDA:8,0,1,1
BRF:2
BRH:1
end_of_record
TN:
SF:src\lib\types.tsx
FN:47,getSkillLevelString
FN:60,getSkillLevelColors
FNF:2
FNH:0
FNDA:0,getSkillLevelString
FNDA:0,getSkillLevelColors
DA:48,0
DA:50,0
DA:52,0
DA:54,0
DA:56,0
DA:61,0
DA:63,0
DA:65,0
DA:67,0
DA:69,0
DA:119,1
LF:11
LH:1
BRDA:48,0,0,0
BRDA:48,0,1,0
BRDA:48,0,2,0
BRDA:48,0,3,0
BRDA:61,1,0,0
BRDA:61,1,1,0
BRDA:61,1,2,0
BRDA:61,1,3,0
BRF:8
BRH:0
end_of_record
